PRT1
264
964
4 0 132 (930 0 582 ) (0 0 582 ) (0 0 462 ) (930 0 462 ) 
4 0 64 (0 0 462 ) (0 0 582 ) (0 930 582 ) (0 930 462 ) 
3 0 3 (559.992615 318.007355 462 ) (318.007385 318.007355 462 ) (318.007385 559.992615 462 ) 
4 0 2 (238 930 462 ) (318.007355 930 462 ) (318.007385 318.007355 462 ) (238 318.007355 462 ) 
4 0 1 (930 318.007385 462 ) (930 238 462 ) (238 238 462 ) (238 318.007355 462 ) 
4 0 11 (0 238 462 ) (0 930 462 ) (238 930 462 ) (238 238 462 ) 
4 0 12 (0 0 462 ) (0 238 462 ) (930 238 462 ) (930 0 462 ) 
4 1 3 (479.990448 238 395.996094 ) (238.002625 238 395.996094 ) (318.007355 318.004700 462 ) (559.995361 318.004578 462 ) 
4 1 2 (238.002625 238 395.996094 ) (238 238 395.996094 ) (238 318.004730 462 ) (318.007355 318.004700 462 ) 
3 1 11 (238 238 395.993958 ) (238 238 462 ) (238 318.007355 462 ) 
4 1 12 (930 238 395.993958 ) (930 238 462 ) (238 238 462 ) (238 238 395.993958 ) 
4 2 3 (318.004395 318.008301 462 ) (238 238.003906 395.996094 ) (238 479.990479 395.996094 ) (318.004395 559.995544 462 ) 
4 2 11 (238 930 462 ) (238 930 395.993958 ) (238 238 395.993958 ) (238 318.007355 462 ) 
4 3 62 (256 238 368 ) (238 238 368 ) (238 412.121216 368 ) (256 394.121216 368 ) 
4 3 38 (412.121216 238 368 ) (256 238 368 ) (256 256 368 ) (394.121216 256 368 ) 
3 3 13 (256 256 368 ) (256 394.121216 368 ) (394.121216 256 368 ) 
5 3 10 (238 479.988281 395.996094 ) (238.005875 479.994141 396 ) (318 400 396 ) (318 332.123840 368 ) (238 412.120178 368 ) 
5 3 8 (479.990234 238.009766 395.996338 ) (479.980469 238 395.988281 ) (412.128174 238 368 ) (332.124481 318 368 ) (400 318 395.997925 ) 
4 3 5 (400 318 395.997925 ) (332.124481 318 368 ) (318 332.123840 368 ) (318 400 396 ) 
4 3 11 (238 412.121216 368 ) (238 238 368 ) (238 238 395.993958 ) (238 479.985352 395.993958 ) 
4 3 12 (238 238 368 ) (412.121216 238 368 ) (479.985321 238 395.993958 ) (238 238 395.993958 ) 
4 4 13 (560 318 368 ) (351.515106 318 368 ) (318 351.515106 368 ) (318 560 368 ) 
3 4 9 (318 560 454 ) (318 560 368 ) (318 351.515076 368 ) 
3 4 7 (351.515137 318 368 ) (560 318 368 ) (560 318 454 ) 
4 4 6 (560 318 454 ) (560 318 368 ) (318 560 368 ) (318 560 454 ) 
4 4 5 (318 400 388 ) (318 351.517334 368 ) (351.517334 318 368 ) (400 318 388 ) 
4 5 13 (351.515106 318 368 ) (332.121216 318 368 ) (318 332.121216 368 ) (318 351.515106 368 ) 
4 5 10 (318 332.113831 368 ) (318 400 396.002899 ) (318 400 388 ) (318 351.515076 368 ) 
4 5 8 (400 318 396 ) (332.119385 318 368 ) (351.515137 318 368 ) (400 318 388 ) 
5 6 13 (318 930 368 ) (930 930 368 ) (930 318 368 ) (560 318 368 ) (318 560 368 ) 
4 6 9 (318 930 454 ) (318 930 368 ) (318 560 368 ) (318 560 454 ) 
4 6 7 (930 318 368 ) (930 318 454 ) (560 318 454 ) (560 318 368 ) 
4 7 37 (762 238 368 ) (728 238 368 ) (728 256 368 ) (762 256 368 ) 
4 7 38 (728 238 368 ) (431.515106 238 368 ) (413.515106 256 368 ) (728 256 368 ) 
4 7 15 (880 238 368 ) (762 238 368 ) (762 256 368 ) (880 256 368 ) 
4 7 13 (930 318 368 ) (930 256 368 ) (413.515106 256 368 ) (351.515106 318 368 ) 
4 7 8 (400 318 387.998810 ) (351.518005 318 368 ) (431.518066 238 368 ) (480 238 387.998779 ) 
4 7 12 (431.515106 238 368 ) (930 238 368 ) (930 238 388 ) (480 238 388 ) 
4 8 38 (431.515106 238 368 ) (412.121216 238 368 ) (394.121216 256 368 ) (413.515106 256 368 ) 
4 8 13 (394.121216 256 368 ) (332.121216 318 368 ) (351.515106 318 368 ) (413.515106 256 368 ) 
5 8 12 (412.121216 238 368 ) (431.515106 238 368 ) (480 238 388 ) (480 238 395.993958 ) (479.985321 238 395.993958 ) 
4 9 61 (256 762 368 ) (256 728 368 ) (238 728 368 ) (238 762 368 ) 
4 9 62 (256 728 368 ) (256 413.515106 368 ) (238 431.515106 368 ) (238 728 368 ) 
4 9 40 (256 880 368 ) (256 762 368 ) (238 762 368 ) (238 880 368 ) 
4 9 13 (256 930 368 ) (318 930 368 ) (318 351.515137 368 ) (256 413.515106 368 ) 
5 9 10 (318 351.508301 368 ) (318 400 388.002716 ) (238.002960 479.997040 388.002411 ) (238 479.994080 388 ) (238 431.508575 368 ) 
4 9 11 (238 930 388 ) (238 930 368 ) (238 431.515106 368 ) (238 480 388 ) 
4 10 62 (256 394.121216 368 ) (238 412.121216 368 ) (238 431.515106 368 ) (256 413.515106 368 ) 
4 10 13 (318 351.515137 368 ) (318 332.121216 368 ) (256 394.121216 368 ) (256 413.515106 368 ) 
5 10 11 (238 431.515106 368 ) (238 412.121216 368 ) (238 479.985352 395.993958 ) (238 480 395.993958 ) (238 480 388 ) 
4 11 65 (0 238 462 ) (0 930 462 ) (0 930 368 ) (0 238 368 ) 
4 11 61 (0 728 368 ) (0 762 368 ) (238 762 368 ) (238 728 368 ) 
4 11 62 (0 238 368 ) (0 728 368 ) (238 728 368 ) (238 238 368 ) 
4 11 40 (0 762 368 ) (0 880 368 ) (238 880 368 ) (238 762 368 ) 
4 11 12 (0 238 368 ) (238 238 368 ) (238 238 462 ) (0 238 462 ) 
4 12 133 (930 0 462 ) (238 0 462 ) (238 0 368 ) (930 0 368 ) 
4 12 146 (238 0 462 ) (0 0 462 ) (0 0 368 ) (238 0 368 ) 
4 12 65 (0 0 368 ) (0 0 462 ) (0 238 462 ) (0 238 368 ) 
4 12 62 (256 0 368 ) (0 0 368 ) (0 238 368 ) (256 238 368 ) 
4 12 37 (762 0 368 ) (728 0 368 ) (728 238 368 ) (762 238 368 ) 
4 12 38 (728 0 368 ) (256 0 368 ) (256 238 368 ) (728 238 368 ) 
4 12 15 (880 0 368 ) (762 0 368 ) (762 238 368 ) (880 238 368 ) 
4 13 63 (256 762 178 ) (256 762 2 ) (256 256 2 ) (256 256 178 ) 
4 13 61 (256 728 368 ) (256 762 368 ) (256 762 304 ) (256 728 298 ) 
4 13 62 (256 256 368 ) (256 728 368 ) (256 728 290 ) (256 256 206.705887 ) 
4 13 59 (256 754 178 ) (256 256 178 ) (256 256 206.705887 ) (256 754 294.588226 ) 
4 13 54 (256 784 2 ) (256 776 2 ) (256 776 268 ) (256 784 268 ) 
4 13 58 (256 776 2 ) (256 762 2 ) (256 762 268 ) (256 776 268 ) 
4 13 46 (256 930 268 ) (256 930 48 ) (256 784 48 ) (256 784 268 ) 
4 13 53 (256 930 48 ) (256 930 2 ) (256 784 2 ) (256 784 48 ) 
4 13 41 (256 930 270.628998 ) (256 930 268 ) (256 776 268 ) (256 776 270.628998 ) 
4 13 45 (256 776 268 ) (256 762 268 ) (256 762 270.628998 ) (256 776 270.628998 ) 
3 13 40 (256 762 368 ) (256 880 368 ) (256 762 304 ) 
5 13 39 (256 930 360 ) (256 930 270.628998 ) (256 762 270.628998 ) (256 762 296 ) (256 880 360 ) 
4 13 37 (762 256 304 ) (762 256 368 ) (728 256 368 ) (728 256 298 ) 
4 13 38 (256 256 368 ) (256 256 206.705887 ) (728 256 290 ) (728 256 368 ) 
4 13 34 (754 256 2 ) (762 256 2 ) (762 256 178 ) (754 256 178 ) 
4 13 36 (256 256 206.705887 ) (256 256 2 ) (754 256 2 ) (754 256 294.588226 ) 
4 13 29 (776 256 2 ) (784 256 2 ) (784 256 268 ) (776 256 268 ) 
4 13 33 (762 256 2 ) (776 256 2 ) (776 256 268 ) (762 256 268 ) 
4 13 22 (866 256 268 ) (858 256 268 ) (858 256 48 ) (866 256 48 ) 
4 13 21 (930 256 48 ) (930 256 268 ) (866 256 268 ) (866 256 48 ) 
4 13 24 (858 256 268 ) (784 256 268 ) (784 256 48 ) (858 256 48 ) 
4 13 28 (784 256 2 ) (930 256 2 ) (930 256 48 ) (784 256 48 ) 
4 13 17 (876 256 270.628998 ) (776 256 270.628998 ) (776 256 268 ) (876 256 268 ) 
4 13 16 (930 256 268 ) (930 256 270.628998 ) (876 256 270.628998 ) (876 256 268 ) 
4 13 20 (776 256 270.628998 ) (762 256 270.628998 ) (762 256 268 ) (776 256 268 ) 
3 13 15 (880 256 368 ) (762 256 368 ) (762 256 304 ) 
5 13 14 (930 256 270.628998 ) (930 256 360 ) (880 256 360 ) (762 256 296 ) (762 256 270.628998 ) 
5 14 148 (880 0 360 ) (762 0 296 ) (762 0 270.628998 ) (930 0 270.628998 ) (930 0 360 ) 
4 14 35 (762 248 270.628998 ) (762 0 270.628998 ) (762 0 296 ) (762 248 296 ) 
4 14 19 (776 6 270.628998 ) (776 242 270.628998 ) (784 242 270.628998 ) (784 6 270.628998 ) 
4 14 18 (876 242 270.628998 ) (876 0 270.628998 ) (784 0 270.628998 ) (784 242 270.628998 ) 
4 14 17 (776 256 270.628998 ) (876 256 270.628998 ) (876 242 270.628998 ) (776 242 270.628998 ) 
4 14 16 (876 256 270.628998 ) (930 256 270.628998 ) (930 0 270.628998 ) (876 0 270.628998 ) 
4 14 20 (762 0 270.628998 ) (762 256 270.628998 ) (776 256 270.628998 ) (776 0 270.628998 ) 
3 15 149 (762 0 360 ) (762 0 304 ) (865.249939 0 360 ) 
4 15 147 (880 0 368 ) (762 0 368 ) (762 0 360 ) (865.249939 0 360 ) 
4 15 37 (762 256 368 ) (762 256 304 ) (762 0 304 ) (762 0 368 ) 
4 16 150 (876 0 268 ) (930 0 268 ) (930 0 270.628998 ) (876 0 270.628998 ) 
4 16 25 (930 162 268 ) (930 0 268 ) (876 0 268 ) (876 162 268 ) 
4 16 21 (876 256 268 ) (930 256 268 ) (930 162 268 ) (876 162 268 ) 
4 16 18 (876 0 270 ) (876 0 270.628998 ) (876 242 270.628998 ) (876 242 270 ) 
4 16 17 (876 256 268 ) (876 242 268 ) (876 242 270.628998 ) (876 256 270.628998 ) 
4 17 29 (776 256 268 ) (784 256 268 ) (784 242 268 ) (776 242 268 ) 
4 17 22 (858 256 268 ) (866 256 268 ) (866 242 268 ) (858 242 268 ) 
4 17 21 (866 256 268 ) (876 256 268 ) (876 242 268 ) (866 242 268 ) 
4 17 24 (784 256 268 ) (858 256 268 ) (858 242 268 ) (784 242 268 ) 
4 17 19 (776 242 270.628998 ) (776 242 270 ) (784 242 270 ) (784 242 270.628998 ) 
4 17 18 (876 242 270 ) (876 242 270.628998 ) (784 242 270.628998 ) (784 242 270 ) 
4 17 20 (776 256 268 ) (776 242 268 ) (776 242 270.628998 ) (776 256 270.628998 ) 
4 18 151 (876 0 270 ) (876 0 270.628998 ) (784 0 270.628998 ) (784 0 270 ) 
4 18 19 (784 242 270.628998 ) (784 242 270 ) (784 6 270 ) (784 6 270.628998 ) 
4 19 20 (776 6 270 ) (776 6 270.628998 ) (776 242 270.628998 ) (776 242 270 ) 
4 20 154 (762 0 270.628998 ) (762 0 268 ) (776 0 268 ) (776 0 270.628998 ) 
4 20 35 (762 248 268 ) (762 0 268 ) (762 0 270.628998 ) (762 248 270.628998 ) 
4 20 33 (762 0 268 ) (762 256 268 ) (776 256 268 ) (776 0 268 ) 
4 21 25 (874 162 48 ) (930 162 48 ) (930 162 268 ) (874 162 268 ) 
4 21 22 (866 256 48 ) (866 240 48 ) (866 240 268 ) (866 256 268 ) 
4 21 23 (866 232 48 ) (866 162 48 ) (866 162 268 ) (866 232 268 ) 
4 21 28 (866 256 48 ) (930 256 48 ) (930 162 48 ) (866 162 48 ) 
4 22 24 (858 256 48 ) (858 240 48 ) (858 240 268 ) (858 256 268 ) 
4 22 28 (858 256 48 ) (866 256 48 ) (866 240 48 ) (858 240 48 ) 
4 23 27 (858 162 48 ) (864 162 48 ) (864 162 268 ) (858 162 268 ) 
4 23 28 (866 232 48 ) (866 162 48 ) (858 162 48 ) (858 232 48 ) 
4 23 24 (858 232 48 ) (858 162 48 ) (858 162 268 ) (858 232 268 ) 
4 24 30 (784 240 178 ) (784 240 48 ) (784 232 48 ) (784 232 178 ) 
4 24 29 (784 240 268 ) (784 256 268 ) (784 256 48 ) (784 240 48 ) 
4 24 31 (784 162 268 ) (784 232 268 ) (784 232 48 ) (784 162 48 ) 
4 24 27 (784 162 268 ) (784 162 48 ) (858 162 48 ) (858 162 268 ) 
4 24 28 (784 162 48 ) (784 256 48 ) (858 256 48 ) (858 162 48 ) 
4 25 155 (930 0 48 ) (930 0 268 ) (874 0 268 ) (874 0 48 ) 
4 25 26 (874 152 48 ) (874 0 48 ) (874 0 268 ) (874 152 268 ) 
4 25 28 (874 162 48 ) (930 162 48 ) (930 0 48 ) (874 0 48 ) 
4 26 156 (874 0 268 ) (864 0 268 ) (864 0 48 ) (874 0 48 ) 
4 26 28 (874 152 48 ) (874 0 48 ) (864 0 48 ) (864 152 48 ) 
4 26 27 (864 152 48 ) (864 0 48 ) (864 0 268 ) (864 152 268 ) 
4 27 156 (864 0 268 ) (856 0 268 ) (856 0 48 ) (864 0 48 ) 
4 27 157 (856 0 268 ) (784 0 268 ) (784 0 48 ) (856 0 48 ) 
4 27 32 (784 6 180.628998 ) (784 6 48 ) (784 0 48 ) (784 0 180.628998 ) 
4 27 31 (784 6 268 ) (784 162 268 ) (784 162 48 ) (784 6 48 ) 
4 27 28 (784 0 48 ) (784 162 48 ) (864 162 48 ) (864 0 48 ) 
4 28 162 (784 0 2 ) (930 0 2 ) (930 0 48 ) (784 0 48 ) 
4 28 32 (784 6 2 ) (784 0 2 ) (784 0 48 ) (784 6 48 ) 
4 28 30 (784 240 2 ) (784 232 2 ) (784 232 48 ) (784 240 48 ) 
4 28 29 (784 256 48 ) (784 256 2 ) (784 240 2 ) (784 240 48 ) 
4 28 31 (784 232 2 ) (784 6 2 ) (784 6 48 ) (784 232 48 ) 
4 29 30 (776 240 178 ) (776 240 2 ) (784 240 2 ) (784 240 178 ) 
4 29 33 (776 240 268 ) (776 256 268 ) (776 256 2 ) (776 240 2 ) 
4 30 33 (776 240 178 ) (776 240 2 ) (776 232 2 ) (776 232 178 ) 
4 30 31 (776 232 178 ) (776 232 2 ) (784 232 2 ) (784 232 178 ) 
4 31 32 (776 6 180.628998 ) (776 6 2 ) (784 6 2 ) (784 6 180.628998 ) 
4 31 33 (776 6 268 ) (776 232 268 ) (776 232 2 ) (776 6 2 ) 
4 32 163 (776 0 2 ) (784 0 2 ) (784 0 180.628998 ) (776 0 180.628998 ) 
4 32 33 (776 6 180.628998 ) (776 6 2 ) (776 0 2 ) (776 0 180.628998 ) 
4 33 167 (762 0 268 ) (762 0 2 ) (776 0 2 ) (776 0 268 ) 
4 33 34 (762 256 178 ) (762 256 2 ) (762 248 2 ) (762 248 178 ) 
4 33 35 (762 248 2 ) (762 0 2 ) (762 0 268 ) (762 248 268 ) 
4 34 35 (754 248 178 ) (754 248 2 ) (762 248 2 ) (762 248 178 ) 
4 34 36 (754 256 178 ) (754 256 2 ) (754 248 2 ) (754 248 178 ) 
4 35 172 (754 0 2 ) (762 0 2 ) (762 0 178 ) (754 0 178 ) 
4 35 168 (762 0 178 ) (762 0 296 ) (754 0 294.588226 ) (754 0 178 ) 
4 35 36 (754 0 294.587891 ) (754 248 294.587891 ) (754 248 2 ) (754 0 2 ) 
4 36 172 (256 0 178 ) (256 0 2 ) (754 0 2 ) (754 0 178 ) 
4 36 169 (256 0 206.705887 ) (256 0 178 ) (754 0 178 ) (754 0 294.588226 ) 
4 36 63 (256 0 2 ) (256 0 178 ) (256 256 178 ) (256 256 2 ) 
4 36 62 (256 0 178 ) (256 0 206.705902 ) (256 256 206.705887 ) (256 93.333282 178 ) 
3 36 59 (256 256 206.705887 ) (256 256 178 ) (256 93.333282 178 ) 
4 36 38 (728 256 290 ) (256 256 206.706360 ) (256 0 206.706360 ) (728 0 290 ) 
4 37 170 (762 0 368 ) (728 0 368 ) (728 0 298 ) (762 0 304 ) 
4 37 38 (728 256 368 ) (728 256 298 ) (728 0 298 ) (728 0 368 ) 
4 38 171 (728 0 368 ) (256 0 368 ) (256 0 206.705887 ) (728 0 290 ) 
4 38 62 (256 0 206.705902 ) (256 0 368 ) (256 256 368 ) (256 256 206.705887 ) 
5 39 79 (0 762 270.628998 ) (0 762 296 ) (0 880 360 ) (0 930 360 ) (0 930 270.628998 ) 
4 39 60 (248 762 296 ) (0 762 296 ) (0 762 270.628998 ) (248 762 270.628998 ) 
4 39 44 (0 784 270.628998 ) (0 876 270.628998 ) (10 876 270.628998 ) (10 784 270.628998 ) 
4 39 43 (10 876 270.628998 ) (242 876 270.628998 ) (242 776 270.628998 ) (10 776 270.628998 ) 
4 39 42 (0 876 270.628998 ) (0 930 270.628998 ) (242 930 270.628998 ) (242 876 270.628998 ) 
4 39 41 (242 930 270.628998 ) (256 930 270.628998 ) (256 776 270.628998 ) (242 776 270.628998 ) 
4 39 45 (256 762 270.628998 ) (0 762 270.628998 ) (0 776 270.628998 ) (256 776 270.628998 ) 
3 40 80 (0 762 304 ) (0 762 368 ) (0 880 368 ) 
4 40 61 (256 762 304 ) (256 762 368 ) (0 762 368 ) (0 762 304 ) 
4 41 54 (256 784 268 ) (256 776 268 ) (242 776 268 ) (242 784 268 ) 
4 41 46 (242 930 268 ) (256 930 268 ) (256 784 268 ) (242 784 268 ) 
4 41 43 (242 776 270 ) (242 776 270.628998 ) (242 876 270.628998 ) (242 876 270 ) 
4 41 42 (242 930 268 ) (242 876 268 ) (242 876 270.628998 ) (242 930 270.628998 ) 
4 41 45 (242 776 268 ) (256 776 268 ) (256 776 270.628998 ) (242 776 270.628998 ) 
4 42 81 (0 876 270.628998 ) (0 930 270.628998 ) (0 930 268 ) (0 876 268 ) 
4 42 50 (14 930 268 ) (22 930 268 ) (22 876 268 ) (14 876 268 ) 
4 42 52 (0 876 268 ) (0 930 268 ) (14 930 268 ) (14 876 268 ) 
4 42 47 (232 930 268 ) (240 930 268 ) (240 876 268 ) (232 876 268 ) 
4 42 46 (240 930 268 ) (242 930 268 ) (242 876 268 ) (240 876 268 ) 
4 42 49 (22 930 268 ) (232 930 268 ) (232 876 268 ) (22 876 268 ) 
4 42 44 (10 876 270 ) (10 876 270.628998 ) (0 876 270.628998 ) (0 876 270 ) 
4 42 43 (242 876 270 ) (242 876 270.628998 ) (10 876 270.628998 ) (10 876 270 ) 
4 43 44 (10 876 270.628998 ) (10 876 270 ) (10 784 270 ) (10 784 270.628998 ) 
4 43 45 (242 776 270 ) (242 776 270.628998 ) (10 776 270.628998 ) (10 776 270 ) 
4 44 82 (0 784 270.628998 ) (0 876 270.628998 ) (0 876 270 ) (0 784 270 ) 
4 45 85 (0 762 268 ) (0 762 270.628998 ) (0 776 270.628998 ) (0 776 268 ) 
4 45 60 (248 762 270.628998 ) (0 762 270.628998 ) (0 762 268 ) (248 762 268 ) 
4 45 58 (256 762 268 ) (0 762 268 ) (0 776 268 ) (256 776 268 ) 
4 46 54 (256 784 48 ) (256 784 268 ) (240 784 268 ) (240 784 48 ) 
4 46 47 (240 930 48 ) (240 858 48 ) (240 858 268 ) (240 930 268 ) 
4 46 48 (240 850 48 ) (240 784 48 ) (240 784 268 ) (240 850 268 ) 
4 46 53 (256 784 48 ) (240 784 48 ) (240 930 48 ) (256 930 48 ) 
4 47 49 (232 930 48 ) (232 858 48 ) (232 858 268 ) (232 930 268 ) 
4 47 53 (232 858 48 ) (232 930 48 ) (240 930 48 ) (240 858 48 ) 
4 48 55 (232 784 178 ) (232 784 48 ) (240 784 48 ) (240 784 178 ) 
4 48 53 (240 784 48 ) (232 784 48 ) (232 850 48 ) (240 850 48 ) 
4 48 49 (232 850 48 ) (232 784 48 ) (232 784 268 ) (232 850 268 ) 
4 49 56 (232 784 268 ) (22 784 268 ) (22 784 48 ) (232 784 48 ) 
4 49 50 (22 930 48 ) (22 874 48 ) (22 874 268 ) (22 930 268 ) 
4 49 51 (22 856 48 ) (22 784 48 ) (22 784 268 ) (22 856 268 ) 
4 49 53 (232 784 48 ) (22 784 48 ) (22 930 48 ) (232 930 48 ) 
4 50 53 (14 874 48 ) (14 930 48 ) (22 930 48 ) (22 874 48 ) 
4 50 52 (14 930 48 ) (14 874 48 ) (14 874 268 ) (14 930 268 ) 
4 51 56 (22 784 268 ) (14 784 268 ) (14 784 48 ) (22 784 48 ) 
4 51 52 (14 856 48 ) (14 784 48 ) (14 784 268 ) (14 856 268 ) 
4 51 53 (22 784 48 ) (14 784 48 ) (14 856 48 ) (22 856 48 ) 
4 52 86 (0 784 268 ) (0 930 268 ) (0 930 48 ) (0 784 48 ) 
4 52 57 (0 784 180.628998 ) (0 784 48 ) (10 784 48 ) (10 784 180.628998 ) 
4 52 56 (14 784 268 ) (10 784 268 ) (10 784 48 ) (14 784 48 ) 
4 52 53 (14 784 48 ) (0 784 48 ) (0 930 48 ) (14 930 48 ) 
4 53 86 (0 930 48 ) (0 930 2 ) (0 784 2 ) (0 784 48 ) 
4 53 57 (0 784 2 ) (10 784 2 ) (10 784 48 ) (0 784 48 ) 
4 53 55 (232 784 2 ) (240 784 2 ) (240 784 48 ) (232 784 48 ) 
4 53 54 (240 784 2 ) (256 784 2 ) (256 784 48 ) (240 784 48 ) 
4 53 56 (10 784 2 ) (232 784 2 ) (232 784 48 ) (10 784 48 ) 
4 54 55 (240 784 178 ) (240 784 2 ) (240 776 2 ) (240 776 178 ) 
4 54 58 (240 776 2 ) (256 776 2 ) (256 776 268 ) (240 776 268 ) 
4 55 58 (232 776 2 ) (240 776 2 ) (240 776 178 ) (232 776 178 ) 
4 55 56 (232 784 178 ) (232 784 2 ) (232 776 2 ) (232 776 178 ) 
4 56 57 (10 784 180.628998 ) (10 784 2 ) (10 776 2 ) (10 776 180.628998 ) 
4 56 58 (10 776 2 ) (232 776 2 ) (232 776 268 ) (10 776 268 ) 
4 57 87 (0 784 180.628998 ) (0 784 2 ) (0 776 2 ) (0 776 180.628998 ) 
4 57 58 (0 776 2 ) (10 776 2 ) (10 776 180.628998 ) (0 776 180.628998 ) 
4 58 88 (0 762 2 ) (0 762 268 ) (0 776 268 ) (0 776 2 ) 
4 58 63 (256 762 2 ) (256 762 178 ) (0 762 178 ) (0 762 2 ) 
4 58 60 (248 762 268 ) (0 762 268 ) (0 762 178 ) (248 762 178 ) 
4 59 63 (256 754 178 ) (256 93.333313 178 ) (248 93.333313 178 ) (248 754 178 ) 
4 59 62 (248 728 290 ) (248 93.328125 178 ) (256 93.328125 178 ) (256 728 290 ) 
3 59 60 (248 754 178 ) (248 93.343750 178 ) (248 754 294.586426 ) 
3 60 100 (0 762 296 ) (0 762 178 ) (0 93.333313 178 ) 
4 60 63 (0 93.333275 178 ) (0 762 178 ) (248 762 178 ) (248 93.333313 178 ) 
4 60 62 (0 728 290 ) (0 93.328125 178 ) (248 93.328125 178 ) (248 728 290 ) 
4 61 102 (0 728 368 ) (0 762 368 ) (0 762 304 ) (0 728 298 ) 
4 61 62 (256 728 298 ) (256 728 368 ) (0 728 368 ) (0 728 298 ) 
5 62 171 (256 0 206.705887 ) (256 0 368 ) (0 0 368 ) (0 0 178 ) (93.333282 0 178 ) 
3 62 169 (256 0 178 ) (256 0 206.705887 ) (93.333282 0 178 ) 
5 62 103 (0 0 178 ) (0 0 368 ) (0 728 368 ) (0 728 290 ) (0 93.333313 178 ) 
4 62 63 (0 0 178 ) (0 93.333275 178 ) (256 93.333313 178 ) (256 0 178 ) 
4 63 172 (256 0 2 ) (256 0 178 ) (0 0 178 ) (0 0 2 ) 
4 63 104 (0 0 2 ) (0 0 178 ) (0 762 178 ) (0 762 2 ) 
4 64 199 (0 0 462 ) (0 0 582 ) (-930 0 582 ) (-930 0 462 ) 
4 64 77 (-579.393921 318 462 ) (-560 318 462 ) (-640 238 462 ) (-659.393921 238 462 ) 
4 64 75 (-930 238 462 ) (-930 318 462 ) (-579.393921 318 462 ) (-659.393921 238 462 ) 
3 64 67 (-318.007385 559.992615 462 ) (-318.007385 238 462 ) (-640 238 462 ) 
4 64 66 (-318.007385 930 462 ) (-238 930 462 ) (-238 238 462 ) (-318.007385 238 462 ) 
4 64 78 (-238 0 462 ) (-930 0 462 ) (-930 238 462 ) (-238 238 462 ) 
4 64 65 (0 0 462 ) (-238 0 462 ) (-238 930 462 ) (0 930 462 ) 
4 65 200 (0 0 368 ) (0 0 462 ) (-238 0 462 ) (-238 0 368 ) 
4 65 102 (0 762 368 ) (0 728 368 ) (-238 728 368 ) (-238 762 368 ) 
4 65 103 (0 728 368 ) (0 0 368 ) (-238 0 368 ) (-238 728 368 ) 
4 65 80 (0 880 368 ) (0 762 368 ) (-238 762 368 ) (-238 880 368 ) 
5 65 69 (-238 431.515106 368 ) (-238 412.121216 368 ) (-238 479.985229 395.993927 ) (-238 480 395.993927 ) (-238 480 388 ) 
4 65 68 (-238 930 388 ) (-238 930 368 ) (-238 431.515106 368 ) (-238 480 388 ) 
4 65 67 (-238 412.121216 368 ) (-238 238 368 ) (-238 238 395.993927 ) (-238 479.985229 395.993927 ) 
4 65 66 (-238 930 462 ) (-238 930 395.993896 ) (-238 238 395.993927 ) (-238 238 462 ) 
4 65 78 (-238 238 368 ) (-238 0 368 ) (-238 0 462 ) (-238 238 462 ) 
4 66 67 (-238 238 395.996094 ) (-318.004791 238 462 ) (-318.004791 559.995178 462 ) (-238 479.990479 395.996094 ) 
3 66 78 (-238 238 395.993927 ) (-238 238 462 ) (-318.007385 238 462 ) 
4 67 109 (-256 238 368 ) (-412.121216 238 368 ) (-394.121216 256 368 ) (-256 256 368 ) 
3 67 105 (-394.121216 256 368 ) (-256 394.121216 368 ) (-256 256 368 ) 
4 67 103 (-238 412.121216 368 ) (-238 238 368 ) (-256 238 368 ) (-256 394.121216 368 ) 
5 67 76 (-480 238 396 ) (-639.998474 238 462 ) (-559.998413 318 462 ) (-559.983765 318 461.993958 ) (-479.991852 238.008148 396 ) 
4 67 73 (-332.119446 318 368 ) (-412.119690 238 368 ) (-480 238 396 ) (-400 318 396 ) 
4 67 71 (-318 400 396 ) (-318 332.119415 368 ) (-332.119446 318 368 ) (-400 318 396 ) 
5 67 69 (-238.005859 479.994141 396 ) (-238 479.988281 395.996094 ) (-238 412.119171 368 ) (-318 332.119415 368 ) (-318 400 396 ) 
5 67 78 (-412.121216 238 368 ) (-238 238 368 ) (-238 238 395.993927 ) (-318.007385 238 462 ) (-640 238 462 ) 
4 68 105 (-318 930 368 ) (-256 930 368 ) (-256 413.515106 368 ) (-318 351.515106 368 ) 
4 68 102 (-238 762 368 ) (-238 728 368 ) (-256 728 368 ) (-256 762 368 ) 
4 68 103 (-238 728 368 ) (-238 431.515106 368 ) (-256 413.515106 368 ) (-256 728 368 ) 
4 68 80 (-238 880 368 ) (-238 762 368 ) (-256 762 368 ) (-256 880 368 ) 
4 68 72 (-318 930 454 ) (-318 930 368 ) (-318 560 368 ) (-318 560 454 ) 
3 68 70 (-318 560 368 ) (-318 351.515076 368 ) (-318 560 454 ) 
5 68 69 (-318 400 388.001617 ) (-318 351.511261 368 ) (-238 431.509949 368 ) (-238 479.994720 388 ) (-238.002655 479.997375 388.002167 ) 
4 69 105 (-256 394.121216 368 ) (-318 332.121216 368 ) (-318 351.515106 368 ) (-256 413.515106 368 ) 
4 69 103 (-238 431.515106 368 ) (-238 412.121216 368 ) (-256 394.121216 368 ) (-256 413.515106 368 ) 
4 69 71 (-318 332.118561 368 ) (-318 400 396.001312 ) (-318 400 388 ) (-318 351.515076 368 ) 
4 70 105 (-318 560 368 ) (-318 351.515106 368 ) (-351.515106 318 368 ) (-560 318 368 ) 
4 70 74 (-560 318 454 ) (-560 318 368 ) (-400 318 368 ) (-400 318 388 ) 
3 70 73 (-400 318 368 ) (-351.515106 318 368 ) (-400 318 388 ) 
4 70 72 (-318 560 454 ) (-318 560 368 ) (-560 318 368 ) (-560 318 454 ) 
4 70 71 (-400 318 388 ) (-351.514374 318 368 ) (-318 351.514374 368 ) (-318 400 388 ) 
4 71 105 (-318 351.515106 368 ) (-318 332.121216 368 ) (-332.121216 318 368 ) (-351.515106 318 368 ) 
4 71 73 (-332.109863 318 368 ) (-400 318 396.004700 ) (-400 318 388 ) (-351.515106 318 368 ) 
5 72 105 (-930 318 368 ) (-930 930 368 ) (-318 930 368 ) (-318 560 368 ) (-560 318 368 ) 
4 72 74 (-930 318 454 ) (-930 318 368 ) (-560 318 368 ) (-560 318 454 ) 
4 73 109 (-394.121216 256 368 ) (-412.121216 238 368 ) (-480 238 368 ) (-462 256 368 ) 
4 73 105 (-400 318 368 ) (-332.121216 318 368 ) (-394.121216 256 368 ) (-462 256 368 ) 
4 73 74 (-400 318 388 ) (-400 318 368 ) (-480 238 368 ) (-480 238 388 ) 
3 73 78 (-480 238 368 ) (-412.121216 238 368 ) (-480 238 396 ) 
4 74 112 (-880 256 368 ) (-762 256 368 ) (-762 238 368 ) (-880 238 368 ) 
4 74 110 (-762 256 368 ) (-728 256 368 ) (-728 238 368 ) (-762 238 368 ) 
4 74 109 (-728 256 368 ) (-462 256 368 ) (-480 238 368 ) (-728 238 368 ) 
4 74 105 (-930 256 368 ) (-930 318 368 ) (-400 318 368 ) (-462 256 368 ) 
4 74 78 (-930 238 388 ) (-930 238 368 ) (-480 238 368 ) (-480 238 388 ) 
5 75 77 (-659.389648 238 462 ) (-640 238 454.001740 ) (-569.687683 308.312317 454.001617 ) (-579.375366 318 461.993958 ) (-579.390015 318 462 ) 
3 75 76 (-640 238 454.001740 ) (-499.375305 238 395.993958 ) (-569.687683 308.312317 454.001617 ) 
4 75 78 (-930 238 462 ) (-930 238 395.993958 ) (-499.379303 238 395.993958 ) (-659.393921 238 462 ) 
5 76 77 (-560 318 462 ) (-560 318 461.993958 ) (-569.691956 308.308014 453.998047 ) (-640 238 453.998047 ) (-640 238 462 ) 
5 76 78 (-480 238 395.993958 ) (-480 238 396 ) (-640 238 462 ) (-640 238 454 ) (-499.379303 238 395.993958 ) 
3 77 78 (-640 238 462 ) (-659.393921 238 462 ) (-640 238 454 ) 
4 78 200 (-238 0 462 ) (-930 0 462 ) (-930 0 368 ) (-238 0 368 ) 
4 78 112 (-762 0 368 ) (-880 0 368 ) (-880 238 368 ) (-762 238 368 ) 
4 78 110 (-728 0 368 ) (-762 0 368 ) (-762 238 368 ) (-728 238 368 ) 
4 78 109 (-256 0 368 ) (-728 0 368 ) (-728 238 368 ) (-256 238 368 ) 
4 78 103 (-238 0 368 ) (-256 0 368 ) (-256 238 368 ) (-238 238 368 ) 
5 79 105 (-256 762 270.628998 ) (-256 762 296 ) (-256 880 360 ) (-256 930 360 ) (-256 930 270.628998 ) 
4 79 100 (-248 762 270.628998 ) (0 762 270.628998 ) (0 762 296 ) (-248 762 296 ) 
4 79 83 (-6 776 270.628998 ) (-242 776 270.628998 ) (-242 876 270.628998 ) (-6 876 270.628998 ) 
4 79 82 (0 876 270.628998 ) (0 784 270.628998 ) (-6 784 270.628998 ) (-6 876 270.628998 ) 
4 79 81 (-242 930 270.628998 ) (0 930 270.628998 ) (0 876 270.628998 ) (-242 876 270.628998 ) 
4 79 84 (-256 776 270.628998 ) (-256 930 270.628998 ) (-242 930 270.628998 ) (-242 776 270.628998 ) 
4 79 85 (0 762 270.628998 ) (-256 762 270.628998 ) (-256 776 270.628998 ) (0 776 270.628998 ) 
3 80 105 (-256 762 304 ) (-256 762 368 ) (-256 880 368 ) 
4 80 102 (-256 762 368 ) (-256 762 304 ) (0 762 304 ) (0 762 368 ) 
4 81 94 (-240 930 268 ) (-232 930 268 ) (-232 876 268 ) (-240 876 268 ) 
4 81 99 (-242 930 268 ) (-240 930 268 ) (-240 876 268 ) (-242 876 268 ) 
4 81 90 (-162 930 268 ) (-152 930 268 ) (-152 876 268 ) (-162 876 268 ) 
4 81 89 (-152 930 268 ) (-6 930 268 ) (-6 876 268 ) (-152 876 268 ) 
4 81 93 (-232 930 268 ) (-162 930 268 ) (-162 876 268 ) (-232 876 268 ) 
4 81 86 (-6 930 268 ) (0 930 268 ) (0 876 268 ) (-6 876 268 ) 
4 81 83 (-242 876 270.628998 ) (-242 876 270 ) (-6 876 270 ) (-6 876 270.628998 ) 
4 81 82 (0 876 270 ) (0 876 270.628998 ) (-6 876 270.628998 ) (-6 876 270 ) 
4 81 84 (-242 930 268 ) (-242 876 268 ) (-242 876 270.628998 ) (-242 930 270.628998 ) 
4 82 83 (-6 876 270.628998 ) (-6 876 270 ) (-6 784 270 ) (-6 784 270.628998 ) 
4 83 84 (-242 776 270 ) (-242 776 270.628998 ) (-242 876 270.628998 ) (-242 876 270 ) 
4 83 85 (-6 776 270 ) (-6 776 270.628998 ) (-242 776 270.628998 ) (-242 776 270 ) 
4 84 105 (-256 776 270.628998 ) (-256 930 270.628998 ) (-256 930 268 ) (-256 776 268 ) 
4 84 99 (-256 776 268 ) (-256 930 268 ) (-242 930 268 ) (-242 776 268 ) 
4 84 85 (-256 776 268 ) (-242 776 268 ) (-242 776 270.628998 ) (-256 776 270.628998 ) 
4 85 105 (-256 762 268 ) (-256 762 270.628998 ) (-256 776 270.628998 ) (-256 776 268 ) 
4 85 100 (-248 762 268 ) (0 762 268 ) (0 762 270.628998 ) (-248 762 270.628998 ) 
4 85 98 (-232 762 268 ) (-240 762 268 ) (-240 776 268 ) (-232 776 268 ) 
4 85 99 (-240 762 268 ) (-256 762 268 ) (-256 776 268 ) (-240 776 268 ) 
4 85 92 (-152 762 268 ) (-162 762 268 ) (-162 776 268 ) (-152 776 268 ) 
4 85 89 (-6 762 268 ) (-152 762 268 ) (-152 776 268 ) (-6 776 268 ) 
4 85 93 (-162 762 268 ) (-232 762 268 ) (-232 776 268 ) (-162 776 268 ) 
4 85 88 (0 762 268 ) (-6 762 268 ) (-6 776 268 ) (0 776 268 ) 
4 86 89 (-6 784 268 ) (-6 930 268 ) (-6 930 2 ) (-6 784 2 ) 
4 86 87 (-6 784 180.628998 ) (-6 784 2 ) (0 784 2 ) (0 784 180.628998 ) 
4 87 89 (-6 784 180.628998 ) (-6 784 2 ) (-6 776 2 ) (-6 776 180.628998 ) 
4 87 88 (-6 776 180.628998 ) (-6 776 2 ) (0 776 2 ) (0 776 180.628998 ) 
4 88 104 (-6 762 2 ) (0 762 2 ) (0 762 178 ) (-6 762 178 ) 
4 88 100 (0 762 178 ) (0 762 268 ) (-6 762 268 ) (-6 762 178 ) 
4 88 89 (-6 762 268 ) (-6 776 268 ) (-6 776 2 ) (-6 762 2 ) 
4 89 104 (-152 762 2 ) (-6 762 2 ) (-6 762 178 ) (-152 762 178 ) 
4 89 100 (-6 762 178 ) (-6 762 268 ) (-152 762 268 ) (-152 762 178 ) 
4 89 91 (-152 874 48 ) (-152 874 2 ) (-152 864 2 ) (-152 864 48 ) 
4 89 90 (-152 874 268 ) (-152 930 268 ) (-152 930 2 ) (-152 874 2 ) 
4 89 92 (-152 762 268 ) (-152 864 268 ) (-152 864 2 ) (-152 762 2 ) 
4 90 91 (-162 874 48 ) (-162 874 2 ) (-152 874 2 ) (-152 874 48 ) 
4 90 93 (-162 874 268 ) (-162 930 268 ) (-162 930 2 ) (-162 874 2 ) 
4 91 93 (-162 874 48 ) (-162 874 2 ) (-162 864 2 ) (-162 864 48 ) 
4 91 92 (-162 864 48 ) (-162 864 2 ) (-152 864 2 ) (-152 864 48 ) 
4 92 104 (-162 762 2 ) (-152 762 2 ) (-152 762 178 ) (-162 762 178 ) 
4 92 100 (-152 762 178 ) (-152 762 268 ) (-162 762 268 ) (-162 762 178 ) 
4 92 93 (-162 762 268 ) (-162 864 268 ) (-162 864 2 ) (-162 762 2 ) 
4 93 104 (-232 762 2 ) (-162 762 2 ) (-162 762 178 ) (-232 762 178 ) 
4 93 100 (-162 762 178 ) (-162 762 268 ) (-232 762 268 ) (-232 762 178 ) 
4 93 97 (-232 784 178 ) (-232 784 2 ) (-232 776 2 ) (-232 776 178 ) 
4 93 96 (-232 784 268 ) (-232 858 268 ) (-232 858 2 ) (-232 784 2 ) 
4 93 98 (-232 762 268 ) (-232 776 268 ) (-232 776 2 ) (-232 762 2 ) 
4 93 95 (-232 866 48 ) (-232 866 2 ) (-232 858 2 ) (-232 858 48 ) 
4 93 94 (-232 866 268 ) (-232 930 268 ) (-232 930 2 ) (-232 866 2 ) 
4 94 95 (-240 866 48 ) (-240 866 2 ) (-232 866 2 ) (-232 866 48 ) 
4 94 99 (-240 866 268 ) (-240 930 268 ) (-240 930 2 ) (-240 866 2 ) 
4 95 96 (-240 858 48 ) (-240 858 2 ) (-232 858 2 ) (-232 858 48 ) 
4 95 99 (-240 866 48 ) (-240 866 2 ) (-240 858 2 ) (-240 858 48 ) 
4 96 97 (-240 784 178 ) (-240 784 2 ) (-232 784 2 ) (-232 784 178 ) 
4 96 99 (-240 784 268 ) (-240 858 268 ) (-240 858 2 ) (-240 784 2 ) 
4 97 99 (-240 784 178 ) (-240 784 2 ) (-240 776 2 ) (-240 776 178 ) 
4 97 98 (-240 776 178 ) (-240 776 2 ) (-232 776 2 ) (-232 776 178 ) 
4 98 104 (-240 762 2 ) (-232 762 2 ) (-232 762 178 ) (-240 762 178 ) 
4 98 100 (-232 762 178 ) (-232 762 268 ) (-240 762 268 ) (-240 762 178 ) 
4 98 99 (-240 762 268 ) (-240 776 268 ) (-240 776 2 ) (-240 762 2 ) 
4 99 105 (-256 762 2 ) (-256 762 268 ) (-256 930 268 ) (-256 930 2 ) 
4 99 104 (-256 762 178 ) (-256 762 2 ) (-240 762 2 ) (-240 762 178 ) 
4 99 100 (-248 762 178 ) (-240 762 178 ) (-240 762 268 ) (-248 762 268 ) 
4 100 104 (-248 762 178 ) (0 762 178 ) (0 93.333313 178 ) (-248 93.333275 178 ) 
4 100 103 (-248 728 290 ) (-248 93.328125 178 ) (0 93.328125 178 ) (0 728 290 ) 
3 100 101 (-248 754 178 ) (-248 93.343750 178 ) (-248 754 294.586426 ) 
3 101 106 (-256 256 178 ) (-256 93.333313 178 ) (-256 256 206.705887 ) 
4 101 105 (-256 754 178 ) (-256 256 178 ) (-256 256 206.705887 ) (-256 754 294.588257 ) 
4 101 104 (-256 93.333275 178 ) (-256 754 178 ) (-248 754 178 ) (-248 93.333275 178 ) 
4 101 103 (-256 728 290 ) (-256 93.328125 178 ) (-248 93.328125 178 ) (-248 728 290 ) 
4 102 105 (-256 728 368 ) (-256 762 368 ) (-256 762 304 ) (-256 728 298 ) 
4 102 103 (-256 728 368 ) (-256 728 298 ) (0 728 298 ) (0 728 368 ) 
5 103 214 (0 0 178 ) (0 0 368 ) (-256 0 368 ) (-256 0 206.705872 ) (-93.333374 0 178 ) 
3 103 212 (-256 0 206.705872 ) (-256 0 178 ) (-93.333374 0 178 ) 
4 103 109 (-256 0 206.705872 ) (-256 0 368 ) (-256 256 368 ) (-256 256 206.705887 ) 
4 103 106 (-256 0 178 ) (-256 0 206.705872 ) (-256 256 206.705887 ) (-256 93.333313 178 ) 
4 103 105 (-256 256 368 ) (-256 728 368 ) (-256 728 290 ) (-256 256 206.705887 ) 
4 103 104 (0 0 178 ) (-256 0 178 ) (-256 93.333275 178 ) (0 93.333313 178 ) 
4 104 216 (0 0 2 ) (0 0 178 ) (-256 0 178 ) (-256 0 2 ) 
4 104 106 (-256 0 2 ) (-256 0 178 ) (-256 256 178 ) (-256 256 2 ) 
4 104 105 (-256 256 178 ) (-256 762 178 ) (-256 762 2 ) (-256 256 2 ) 
4 105 125 (-850 256 268 ) (-858 256 268 ) (-858 256 48 ) (-850 256 48 ) 
4 105 124 (-784 256 48 ) (-784 256 268 ) (-850 256 268 ) (-850 256 48 ) 
4 105 127 (-858 256 268 ) (-930 256 268 ) (-930 256 48 ) (-858 256 48 ) 
4 105 131 (-930 256 2 ) (-784 256 2 ) (-784 256 48 ) (-930 256 48 ) 
4 105 120 (-784 256 2 ) (-776 256 2 ) (-776 256 268 ) (-784 256 268 ) 
4 105 119 (-776 256 2 ) (-762 256 2 ) (-762 256 268 ) (-776 256 268 ) 
4 105 115 (-776 256 270.628998 ) (-876 256 270.628998 ) (-876 256 268 ) (-776 256 268 ) 
4 105 118 (-876 256 270.628998 ) (-930 256 270.628998 ) (-930 256 268 ) (-876 256 268 ) 
4 105 114 (-762 256 268 ) (-762 256 270.628998 ) (-776 256 270.628998 ) (-776 256 268 ) 
3 105 113 (-762 256 304 ) (-762 256 360 ) (-865.249939 256 360 ) 
4 105 112 (-762 256 360 ) (-762 256 368 ) (-880 256 368 ) (-865.249939 256 360 ) 
5 105 111 (-762 256 270.628998 ) (-762 256 296 ) (-880 256 360 ) (-930 256 360 ) (-930 256 270.628998 ) 
4 105 110 (-728 256 368 ) (-762 256 368 ) (-762 256 304 ) (-728 256 298 ) 
4 105 109 (-256 256 206.705872 ) (-256 256 368 ) (-728 256 368 ) (-728 256 290 ) 
4 105 107 (-762 256 2 ) (-754 256 2 ) (-754 256 178 ) (-762 256 178 ) 
4 105 106 (-754 256 2 ) (-256 256 2 ) (-256 256 206.705872 ) (-754 256 294.588226 ) 
4 106 216 (-256 0 2 ) (-256 0 178 ) (-754 0 178 ) (-754 0 2 ) 
4 106 212 (-256 0 178 ) (-256 0 206.705872 ) (-754 0 294.588226 ) (-754 0 178 ) 
4 106 109 (-256 256 206.706650 ) (-728 256 290 ) (-728 0 290 ) (-256 0 206.706650 ) 
4 106 107 (-754 256 178 ) (-754 256 2 ) (-754 248 2 ) (-754 248 178 ) 
4 106 108 (-754 0 294.587891 ) (-754 248 294.587891 ) (-754 248 2 ) (-754 0 2 ) 
4 107 119 (-762 256 178 ) (-762 256 2 ) (-762 248 2 ) (-762 248 178 ) 
4 107 108 (-754 248 2 ) (-754 248 178 ) (-762 248 178 ) (-762 248 2 ) 
4 108 216 (-762 0 178 ) (-762 0 2 ) (-754 0 2 ) (-754 0 178 ) 
4 108 213 (-754 0 294.588226 ) (-762 0 296 ) (-762 0 178 ) (-754 0 178 ) 
4 108 119 (-762 248 2 ) (-762 0 2 ) (-762 0 268 ) (-762 248 268 ) 
4 108 114 (-762 0 268 ) (-762 0 270.628998 ) (-762 248 270.628998 ) (-762 248 268 ) 
4 108 111 (-762 0 270.628998 ) (-762 0 296 ) (-762 248 296 ) (-762 248 270.628998 ) 
4 109 214 (-256 0 206.705872 ) (-256 0 368 ) (-728 0 368 ) (-728 0 290 ) 
4 109 110 (-728 256 368 ) (-728 256 298 ) (-728 0 298 ) (-728 0 368 ) 
4 110 215 (-728 0 368 ) (-762 0 368 ) (-762 0 304 ) (-728 0 298 ) 
4 110 113 (-762 256 360 ) (-762 256 304 ) (-762 0 304 ) (-762 0 360 ) 
4 110 112 (-762 256 368 ) (-762 256 360 ) (-762 0 360 ) (-762 0 368 ) 
5 111 219 (-930 0 360 ) (-930 0 270.628998 ) (-762 0 270.628998 ) (-762 0 296 ) (-880 0 360 ) 
4 111 117 (-784 0 270.628998 ) (-876 0 270.628998 ) (-876 242 270.628998 ) (-784 242 270.628998 ) 
4 111 116 (-776 242 270.628998 ) (-776 10 270.628998 ) (-784 10 270.628998 ) (-784 242 270.628998 ) 
4 111 115 (-876 256 270.628998 ) (-776 256 270.628998 ) (-776 242 270.628998 ) (-876 242 270.628998 ) 
4 111 118 (-930 0 270.628998 ) (-930 256 270.628998 ) (-876 256 270.628998 ) (-876 0 270.628998 ) 
4 111 114 (-776 256 270.628998 ) (-762 256 270.628998 ) (-762 0 270.628998 ) (-776 0 270.628998 ) 
4 112 217 (-762 0 368 ) (-880 0 368 ) (-865.249939 0 360 ) (-762 0 360 ) 
4 112 113 (-865.249939 256 360 ) (-762 256 360 ) (-762 0 360 ) (-865.249939 0 360 ) 
3 113 218 (-762 0 304 ) (-762 0 360 ) (-865.249939 0 360 ) 
4 114 220 (-776 0 268 ) (-762 0 268 ) (-762 0 270.628998 ) (-776 0 270.628998 ) 
4 114 119 (-776 256 268 ) (-762 256 268 ) (-762 0 268 ) (-776 0 268 ) 
4 114 116 (-776 10 270 ) (-776 10 270.628998 ) (-776 242 270.628998 ) (-776 242 270 ) 
4 114 115 (-776 256 268 ) (-776 242 268 ) (-776 242 270.628998 ) (-776 256 270.628998 ) 
4 115 125 (-858 256 268 ) (-850 256 268 ) (-850 242 268 ) (-858 242 268 ) 
4 115 124 (-850 256 268 ) (-784 256 268 ) (-784 242 268 ) (-850 242 268 ) 
4 115 127 (-876 256 268 ) (-858 256 268 ) (-858 242 268 ) (-876 242 268 ) 
4 115 120 (-784 256 268 ) (-776 256 268 ) (-776 242 268 ) (-784 242 268 ) 
4 115 117 (-876 242 270.628998 ) (-876 242 270 ) (-784 242 270 ) (-784 242 270.628998 ) 
4 115 116 (-776 242 270 ) (-776 242 270.628998 ) (-784 242 270.628998 ) (-784 242 270 ) 
4 115 118 (-876 256 268 ) (-876 242 268 ) (-876 242 270.628998 ) (-876 256 270.628998 ) 
4 116 117 (-784 242 270.628998 ) (-784 242 270 ) (-784 10 270 ) (-784 10 270.628998 ) 
4 117 222 (-784 0 270 ) (-784 0 270.628998 ) (-876 0 270.628998 ) (-876 0 270 ) 
4 117 118 (-876 0 270 ) (-876 0 270.628998 ) (-876 242 270.628998 ) (-876 242 270 ) 
4 118 224 (-930 0 270.628998 ) (-930 0 268 ) (-876 0 268 ) (-876 0 270.628998 ) 
4 118 130 (-930 0 268 ) (-930 22 268 ) (-876 22 268 ) (-876 0 268 ) 
4 118 127 (-930 22 268 ) (-930 256 268 ) (-876 256 268 ) (-876 22 268 ) 
4 119 225 (-776 0 2 ) (-762 0 2 ) (-762 0 268 ) (-776 0 268 ) 
4 119 123 (-776 10 180.628998 ) (-776 10 2 ) (-776 0 2 ) (-776 0 180.628998 ) 
4 119 121 (-776 240 178 ) (-776 240 2 ) (-776 232 2 ) (-776 232 178 ) 
4 119 120 (-776 240 268 ) (-776 256 268 ) (-776 256 2 ) (-776 240 2 ) 
4 119 122 (-776 10 268 ) (-776 232 268 ) (-776 232 2 ) (-776 10 2 ) 
4 120 124 (-784 240 268 ) (-784 256 268 ) (-784 256 48 ) (-784 240 48 ) 
4 120 131 (-784 256 48 ) (-784 256 2 ) (-784 240 2 ) (-784 240 48 ) 
4 120 121 (-784 240 178 ) (-784 240 2 ) (-776 240 2 ) (-776 240 178 ) 
4 121 124 (-784 240 178 ) (-784 240 48 ) (-784 232 48 ) (-784 232 178 ) 
4 121 131 (-784 240 48 ) (-784 240 2 ) (-784 232 2 ) (-784 232 48 ) 
4 121 122 (-784 232 178 ) (-784 232 2 ) (-776 232 2 ) (-776 232 178 ) 
4 122 128 (-784 10 268 ) (-784 22 268 ) (-784 22 48 ) (-784 10 48 ) 
4 122 124 (-784 22 268 ) (-784 232 268 ) (-784 232 48 ) (-784 22 48 ) 
4 122 131 (-784 232 48 ) (-784 232 2 ) (-784 10 2 ) (-784 10 48 ) 
4 122 123 (-784 10 180.628998 ) (-784 10 2 ) (-776 10 2 ) (-776 10 180.628998 ) 
4 123 226 (-784 0 2 ) (-776 0 2 ) (-776 0 180.628998 ) (-784 0 180.628998 ) 
4 123 128 (-784 10 180.628998 ) (-784 10 48 ) (-784 0 48 ) (-784 0 180.628998 ) 
4 123 131 (-784 10 48 ) (-784 10 2 ) (-784 0 2 ) (-784 0 48 ) 
4 124 128 (-850 22 48 ) (-784 22 48 ) (-784 22 268 ) (-850 22 268 ) 
4 124 125 (-850 256 48 ) (-850 240 48 ) (-850 240 268 ) (-850 256 268 ) 
4 124 126 (-850 232 48 ) (-850 22 48 ) (-850 22 268 ) (-850 232 268 ) 
4 124 131 (-850 256 48 ) (-784 256 48 ) (-784 22 48 ) (-850 22 48 ) 
4 125 127 (-858 256 48 ) (-858 240 48 ) (-858 240 268 ) (-858 256 268 ) 
4 125 131 (-858 256 48 ) (-850 256 48 ) (-850 240 48 ) (-858 240 48 ) 
4 126 128 (-856 22 48 ) (-850 22 48 ) (-850 22 268 ) (-856 22 268 ) 
4 126 131 (-850 232 48 ) (-850 22 48 ) (-858 22 48 ) (-858 232 48 ) 
4 126 127 (-858 232 48 ) (-858 22 48 ) (-858 22 268 ) (-858 232 268 ) 
4 127 130 (-930 22 48 ) (-874 22 48 ) (-874 22 268 ) (-930 22 268 ) 
4 127 131 (-930 22 48 ) (-930 256 48 ) (-858 256 48 ) (-858 22 48 ) 
4 128 230 (-856 0 48 ) (-784 0 48 ) (-784 0 268 ) (-856 0 268 ) 
4 128 129 (-856 14 48 ) (-856 0 48 ) (-856 0 268 ) (-856 14 268 ) 
4 128 131 (-856 22 48 ) (-784 22 48 ) (-784 0 48 ) (-856 0 48 ) 
4 129 231 (-874 0 48 ) (-864 0 48 ) (-864 0 268 ) (-874 0 268 ) 
4 129 230 (-864 0 48 ) (-856 0 48 ) (-856 0 268 ) (-864 0 268 ) 
4 129 131 (-856 14 48 ) (-856 0 48 ) (-874 0 48 ) (-874 14 48 ) 
4 129 130 (-874 14 48 ) (-874 0 48 ) (-874 0 268 ) (-874 14 268 ) 
4 130 233 (-930 0 268 ) (-930 0 48 ) (-874 0 48 ) (-874 0 268 ) 
4 130 131 (-930 0 48 ) (-930 22 48 ) (-874 22 48 ) (-874 0 48 ) 
4 131 237 (-930 0 48 ) (-930 0 2 ) (-784 0 2 ) (-784 0 48 ) 
4 132 199 (0 0 582 ) (0 0 462 ) (0 -930 462 ) (0 -930 582 ) 
4 132 140 (579.393921 -318 462 ) (560 -318 462 ) (640 -238 462 ) (659.393921 -238 462 ) 
4 132 138 (930 -238 462 ) (930 -318 462 ) (579.393921 -318 462 ) (659.393921 -238 462 ) 
3 132 135 (318.007355 -559.992676 462 ) (318.007355 -238 462 ) (640 -238 462 ) 
4 132 134 (318.007385 -930 462 ) (238 -930 462 ) (238 -238 462 ) (318.007355 -238 462 ) 
4 132 133 (238 0 462 ) (930 0 462 ) (930 -238 462 ) (238 -238 462 ) 
4 132 146 (0 -930 462 ) (0 0 462 ) (238 0 462 ) (238 -930 462 ) 
4 133 170 (728 0 368 ) (762 0 368 ) (762 -238 368 ) (728 -238 368 ) 
4 133 171 (238 0 368 ) (728 0 368 ) (728 -238 368 ) (238 -238 368 ) 
4 133 147 (762 0 368 ) (880 0 368 ) (880 -238 368 ) (762 -238 368 ) 
3 133 140 (659.393921 -238 462 ) (640 -238 462 ) (640 -238 454 ) 
5 133 139 (640 -238 462 ) (480 -238 396 ) (480 -238 395.993958 ) (499.379272 -238 395.993958 ) (640 -238 454 ) 
4 133 138 (930 -238 395.993958 ) (930 -238 462 ) (659.393921 -238 462 ) (499.379272 -238 395.993958 ) 
4 133 137 (480 -238 368 ) (930 -238 368 ) (930 -238 388 ) (480 -238 388 ) 
3 133 136 (412.121216 -238 368 ) (480 -238 368 ) (480 -238 396 ) 
5 133 135 (238 -238 395.993958 ) (238 -238 368 ) (412.121216 -238 368 ) (640 -238 462 ) (318.007385 -238 462 ) 
3 133 134 (238 -238 462 ) (238 -238 395.993958 ) (318.007385 -238 462 ) 
4 133 146 (238 0 368 ) (238 -238 368 ) (238 -238 462 ) (238 0 462 ) 
4 134 135 (238 -479.990479 395.996094 ) (238 -238 395.996094 ) (318.004730 -238 462 ) (318.004730 -559.995239 462 ) 
4 134 146 (238 -930 395.993958 ) (238 -930 462 ) (238 -238 462 ) (238 -238 395.993958 ) 
4 135 177 (238 -412.121216 368 ) (238 -256 368 ) (256 -256 368 ) (256 -394.121216 368 ) 
3 135 173 (256 -256 368 ) (394.121216 -256 368 ) (256 -394.121216 368 ) 
4 135 171 (238 -256 368 ) (238 -238 368 ) (412.121216 -238 368 ) (394.121216 -256 368 ) 
5 135 145 (238.007813 -479.992188 395.998627 ) (238 -479.984375 395.992188 ) (238 -412.124268 368 ) (318 -332.123962 368 ) (318 -400 395.998749 ) 
4 135 142 (318 -400 395.998718 ) (318 -332.123962 368 ) (332.123901 -318 368 ) (400 -318 395.998871 ) 
5 135 139 (480 -238 396 ) (640.002319 -238 462 ) (560.002686 -318 462 ) (559.988037 -318 461.993958 ) (479.993835 -238.006180 396 ) 
4 135 136 (332.123901 -318 368 ) (412.123596 -238 368 ) (480 -238 396 ) (400 -318 395.998871 ) 
4 135 146 (238 -238 368 ) (238 -412.121216 368 ) (238 -479.985321 395.993958 ) (238 -238 395.993958 ) 
4 136 173 (400 -318 368 ) (332.121216 -318 368 ) (394.121216 -256 368 ) (462 -256 368 ) 
4 136 171 (394.121216 -256 368 ) (412.121216 -238 368 ) (480 -238 368 ) (462 -256 368 ) 
4 136 142 (400 -318 396 ) (332.119354 -318 368 ) (351.515137 -318 368 ) (400 -318 388 ) 
3 136 141 (351.515137 -318 368 ) (400 -318 368 ) (400 -318 388 ) 
4 136 137 (400 -318 388 ) (400 -318 368 ) (480 -238 368 ) (480 -238 388 ) 
4 137 173 (930 -256 368 ) (930 -318 368 ) (400 -318 368 ) (462 -256 368 ) 
4 137 170 (762 -256 368 ) (728 -256 368 ) (728 -238 368 ) (762 -238 368 ) 
4 137 171 (728 -256 368 ) (462 -256 368 ) (480 -238 368 ) (728 -238 368 ) 
4 137 147 (880 -256 368 ) (762 -256 368 ) (762 -238 368 ) (880 -238 368 ) 
4 137 143 (930 -318 368 ) (930 -318 454 ) (560 -318 454 ) (560 -318 368 ) 
4 137 141 (560 -318 454 ) (400 -318 388 ) (400 -318 368 ) (560 -318 368 ) 
5 138 140 (659.389648 -238 462 ) (640 -238 454.001740 ) (569.687683 -308.312317 454.001617 ) (579.375366 -318 461.993958 ) (579.390015 -318 462 ) 
3 138 139 (640 -238 454.001740 ) (499.375305 -238 395.993958 ) (569.687683 -308.312317 454.001617 ) 
5 139 140 (560 -318 462 ) (560 -318 461.993958 ) (569.691956 -308.308014 453.998047 ) (640 -238 453.998047 ) (640 -238 462 ) 
4 141 173 (318 -560 368 ) (318 -351.515106 368 ) (351.515106 -318 368 ) (560 -318 368 ) 
3 141 144 (318 -351.515106 368 ) (318 -560 368 ) (318 -560 454 ) 
4 141 143 (318 -560 454 ) (318 -560 368 ) (560 -318 368 ) (560 -318 454 ) 
4 141 142 (400 -318 388 ) (351.514374 -318 368 ) (318 -351.514374 368 ) (318 -400 388 ) 
4 142 173 (318 -351.515106 368 ) (318 -332.121216 368 ) (332.121216 -318 368 ) (351.515106 -318 368 ) 
4 142 145 (318 -400 396 ) (318 -332.120667 368 ) (318 -351.515106 368 ) (318 -400 388 ) 
5 143 173 (930 -318 368 ) (930 -930 368 ) (318 -930 368 ) (318 -560 368 ) (560 -318 368 ) 
4 143 144 (318 -930 368 ) (318 -930 454 ) (318 -560 454 ) (318 -560 368 ) 
4 144 180 (238 -880 368 ) (238 -762 368 ) (256 -762 368 ) (256 -880 368 ) 
4 144 178 (238 -762 368 ) (238 -728 368 ) (256 -728 368 ) (256 -762 368 ) 
4 144 177 (238 -728 368 ) (238 -431.515106 368 ) (256 -413.515106 368 ) (256 -728 368 ) 
4 144 173 (318 -930 368 ) (256 -930 368 ) (256 -413.515106 368 ) (318 -351.515106 368 ) 
5 144 145 (318 -400 388.002319 ) (318 -351.509552 368 ) (238 -431.509033 368 ) (238 -479.993866 388 ) (238.003067 -479.996918 388.002533 ) 
4 144 146 (238 -431.515106 368 ) (238 -930 368 ) (238 -930 388 ) (238 -480 388 ) 
4 145 177 (238 -431.515106 368 ) (238 -412.121216 368 ) (256 -394.121216 368 ) (256 -413.515106 368 ) 
4 145 173 (256 -394.121216 368 ) (318 -332.121216 368 ) (318 -351.515106 368 ) (256 -413.515106 368 ) 
5 145 146 (238 -412.121216 368 ) (238 -431.515106 368 ) (238 -480 388 ) (238 -480 395.993958 ) (238 -479.985321 395.993958 ) 
4 146 201 (0 -238 368 ) (0 -930 368 ) (0 -930 462 ) (0 -238 462 ) 
4 146 200 (0 0 462 ) (0 0 368 ) (0 -238 368 ) (0 -238 462 ) 
4 146 180 (0 -880 368 ) (0 -762 368 ) (238 -762 368 ) (238 -880 368 ) 
4 146 178 (0 -762 368 ) (0 -728 368 ) (238 -728 368 ) (238 -762 368 ) 
4 146 177 (0 -728 368 ) (0 -256 368 ) (238 -256 368 ) (238 -728 368 ) 
4 146 171 (0 -256 368 ) (0 0 368 ) (238 0 368 ) (238 -256 368 ) 
4 147 173 (880 -256 368 ) (762 -256 368 ) (762 -256 360 ) (865.249939 -256 360 ) 
4 147 170 (762 -256 360 ) (762 -256 368 ) (762 0 368 ) (762 0 360 ) 
4 147 149 (762 -256 360 ) (762 0 360 ) (865.249939 0 360 ) (865.249939 -256 360 ) 
5 148 173 (762 -256 296 ) (762 -256 270.628998 ) (930 -256 270.628998 ) (930 -256 360 ) (880 -256 360 ) 
4 148 168 (762 -248 296 ) (762 0 296 ) (762 0 270.628998 ) (762 -248 270.628998 ) 
4 148 152 (784 -10 270.628998 ) (784 -242 270.628998 ) (776 -242 270.628998 ) (776 -10 270.628998 ) 
4 148 151 (784 0 270.628998 ) (876 0 270.628998 ) (876 -242 270.628998 ) (784 -242 270.628998 ) 
4 148 153 (876 -242 270.628998 ) (876 -256 270.628998 ) (776 -256 270.628998 ) (776 -242 270.628998 ) 
4 148 150 (876 0 270.628998 ) (930 0 270.628998 ) (930 -256 270.628998 ) (876 -256 270.628998 ) 
4 148 154 (762 -256 270.628998 ) (762 0 270.628998 ) (776 0 270.628998 ) (776 -256 270.628998 ) 
3 149 173 (762 -256 360 ) (762 -256 304 ) (865.249939 -256 360 ) 
4 149 170 (762 -256 304 ) (762 -256 360 ) (762 0 360 ) (762 0 304 ) 
4 150 173 (876 -256 268 ) (930 -256 268 ) (930 -256 270.628998 ) (876 -256 270.628998 ) 
4 150 158 (930 -22 268 ) (930 -256 268 ) (876 -256 268 ) (876 -22 268 ) 
4 150 155 (876 0 268 ) (930 0 268 ) (930 -22 268 ) (876 -22 268 ) 
4 150 151 (876 -242 270 ) (876 -242 270.628998 ) (876 0 270.628998 ) (876 0 270 ) 
4 150 153 (876 -242 268 ) (876 -256 268 ) (876 -256 270.628998 ) (876 -242 270.628998 ) 
4 151 152 (784 -242 270 ) (784 -242 270.628998 ) (784 -10 270.628998 ) (784 -10 270 ) 
4 151 153 (876 -242 270 ) (876 -242 270.628998 ) (784 -242 270.628998 ) (784 -242 270 ) 
4 152 153 (776 -242 270.628998 ) (776 -242 270 ) (784 -242 270 ) (784 -242 270.628998 ) 
4 152 154 (776 -242 270 ) (776 -242 270.628998 ) (776 -10 270.628998 ) (776 -10 270 ) 
4 153 173 (776 -256 268 ) (876 -256 268 ) (876 -256 270.628998 ) (776 -256 270.628998 ) 
4 153 166 (784 -256 268 ) (776 -256 268 ) (776 -242 268 ) (784 -242 268 ) 
4 153 160 (858 -256 268 ) (850 -256 268 ) (850 -242 268 ) (858 -242 268 ) 
4 153 158 (876 -242 268 ) (876 -256 268 ) (858 -256 268 ) (858 -242 268 ) 
4 153 161 (850 -256 268 ) (784 -256 268 ) (784 -242 268 ) (850 -242 268 ) 
4 153 154 (776 -242 268 ) (776 -256 268 ) (776 -256 270.628998 ) (776 -242 270.628998 ) 
4 154 173 (762 -256 270.628998 ) (762 -256 268 ) (776 -256 268 ) (776 -256 270.628998 ) 
4 154 168 (762 -248 270.628998 ) (762 0 270.628998 ) (762 0 268 ) (762 -248 268 ) 
4 154 167 (762 -256 268 ) (762 0 268 ) (776 0 268 ) (776 -256 268 ) 
4 155 158 (874 -22 48 ) (930 -22 48 ) (930 -22 268 ) (874 -22 268 ) 
4 155 156 (874 0 48 ) (874 -14 48 ) (874 -14 268 ) (874 0 268 ) 
4 155 162 (874 0 48 ) (930 0 48 ) (930 -22 48 ) (874 -22 48 ) 
4 156 162 (856 0 48 ) (874 0 48 ) (874 -14 48 ) (856 -14 48 ) 
4 156 157 (856 0 48 ) (856 -14 48 ) (856 -14 268 ) (856 0 268 ) 
4 157 164 (784 -22 268 ) (784 -10 268 ) (784 -10 48 ) (784 -22 48 ) 
4 157 163 (784 0 180.628998 ) (784 0 48 ) (784 -10 48 ) (784 -10 180.628998 ) 
4 157 159 (850 -22 48 ) (856 -22 48 ) (856 -22 268 ) (850 -22 268 ) 
4 157 161 (784 -22 268 ) (784 -22 48 ) (850 -22 48 ) (850 -22 268 ) 
4 157 162 (784 -22 48 ) (784 0 48 ) (856 0 48 ) (856 -22 48 ) 
4 158 173 (930 -256 48 ) (930 -256 268 ) (858 -256 268 ) (858 -256 48 ) 
4 158 159 (858 -22 268 ) (858 -22 48 ) (858 -232 48 ) (858 -232 268 ) 
4 158 160 (858 -240 48 ) (858 -256 48 ) (858 -256 268 ) (858 -240 268 ) 
4 158 162 (858 -22 48 ) (930 -22 48 ) (930 -256 48 ) (858 -256 48 ) 
4 159 161 (850 -22 268 ) (850 -22 48 ) (850 -232 48 ) (850 -232 268 ) 
4 159 162 (850 -22 48 ) (858 -22 48 ) (858 -232 48 ) (850 -232 48 ) 
4 160 173 (858 -256 268 ) (850 -256 268 ) (850 -256 48 ) (858 -256 48 ) 
4 160 162 (858 -240 48 ) (858 -256 48 ) (850 -256 48 ) (850 -240 48 ) 
4 160 161 (850 -240 48 ) (850 -256 48 ) (850 -256 268 ) (850 -240 268 ) 
4 161 173 (850 -256 268 ) (784 -256 268 ) (784 -256 48 ) (850 -256 48 ) 
4 161 165 (784 -232 178 ) (784 -232 48 ) (784 -240 48 ) (784 -240 178 ) 
4 161 164 (784 -232 268 ) (784 -22 268 ) (784 -22 48 ) (784 -232 48 ) 
4 161 166 (784 -256 48 ) (784 -256 268 ) (784 -240 268 ) (784 -240 48 ) 
4 161 162 (784 -256 48 ) (784 -22 48 ) (850 -22 48 ) (850 -256 48 ) 
4 162 173 (784 -256 2 ) (930 -256 2 ) (930 -256 48 ) (784 -256 48 ) 
4 162 165 (784 -232 2 ) (784 -240 2 ) (784 -240 48 ) (784 -232 48 ) 
4 162 164 (784 -10 2 ) (784 -232 2 ) (784 -232 48 ) (784 -10 48 ) 
4 162 166 (784 -240 2 ) (784 -256 2 ) (784 -256 48 ) (784 -240 48 ) 
4 162 163 (784 0 2 ) (784 -10 2 ) (784 -10 48 ) (784 0 48 ) 
4 163 164 (776 -10 180.628998 ) (776 -10 2 ) (784 -10 2 ) (784 -10 180.628998 ) 
4 163 167 (776 0 2 ) (776 -10 2 ) (776 -10 180.628998 ) (776 0 180.628998 ) 
4 164 165 (776 -232 178 ) (776 -232 2 ) (784 -232 2 ) (784 -232 178 ) 
4 164 167 (776 -10 2 ) (776 -232 2 ) (776 -232 268 ) (776 -10 268 ) 
4 165 167 (776 -232 2 ) (776 -240 2 ) (776 -240 178 ) (776 -232 178 ) 
4 165 166 (776 -240 178 ) (776 -240 2 ) (784 -240 2 ) (784 -240 178 ) 
4 166 173 (776 -256 2 ) (784 -256 2 ) (784 -256 268 ) (776 -256 268 ) 
4 166 167 (776 -240 2 ) (776 -256 2 ) (776 -256 268 ) (776 -240 268 ) 
4 167 173 (762 -256 268 ) (762 -256 2 ) (776 -256 2 ) (776 -256 268 ) 
4 167 172 (762 -256 2 ) (762 -256 178 ) (762 0 178 ) (762 0 2 ) 
4 167 168 (762 -248 268 ) (762 0 268 ) (762 0 178 ) (762 -248 178 ) 
4 168 172 (762 0 178 ) (762 -248 178 ) (754 -248 178 ) (754 0 178 ) 
4 168 169 (754 0 178 ) (754 -248 178 ) (754 -248 294.587891 ) (754 0 294.587891 ) 
4 169 174 (248 -256 178 ) (256 -256 178 ) (256 -256 206.705902 ) (248 -256 205.294144 ) 
3 169 176 (93.333275 -256 178 ) (248 -256 178 ) (248 -256 205.294144 ) 
4 169 173 (256 -256 178 ) (754 -256 178 ) (754 -256 294.588257 ) (256 -256 206.705902 ) 
4 169 172 (754 -256 178 ) (93.333313 -256 178 ) (93.333275 0 178 ) (754 0 178 ) 
4 169 171 (93.328125 0 178 ) (93.328125 -256 178 ) (728 -256 290 ) (728 0 290 ) 
4 170 173 (762 -256 368 ) (728 -256 368 ) (728 -256 298 ) (762 -256 304 ) 
4 170 171 (728 -256 298 ) (728 -256 368 ) (728 0 368 ) (728 0 298 ) 
4 171 214 (0 0 368 ) (0 0 178 ) (0 -256 178 ) (0 -256 368 ) 
4 171 177 (256 -256 368 ) (0 -256 368 ) (0 -256 206.705887 ) (256 -256 206.705902 ) 
3 171 174 (248 -256 205.294128 ) (256 -256 206.705902 ) (248 -256 206.705902 ) 
5 171 176 (0 -256 206.705887 ) (0 -256 178 ) (93.333275 -256 178 ) (248 -256 205.294128 ) (248 -256 206.705902 ) 
4 171 173 (728 -256 368 ) (256 -256 368 ) (256 -256 206.705902 ) (728 -256 290 ) 
4 171 172 (93.333313 -256 178 ) (0 -256 178 ) (0 0 178 ) (93.333275 0 178 ) 
4 172 216 (0 0 178 ) (0 0 2 ) (0 -256 2 ) (0 -256 178 ) 
4 172 174 (248 -256 2 ) (256 -256 2 ) (256 -256 178 ) (248 -256 178 ) 
4 172 176 (0 -256 178 ) (0 -256 2 ) (248 -256 2 ) (248 -256 178 ) 
4 172 173 (256 -256 2 ) (762 -256 2 ) (762 -256 178 ) (256 -256 178 ) 
4 173 191 (256 -930 48 ) (256 -930 268 ) (256 -784 268 ) (256 -784 48 ) 
4 173 198 (256 -784 2 ) (256 -930 2 ) (256 -930 48 ) (256 -784 48 ) 
4 173 187 (256 -776 2 ) (256 -784 2 ) (256 -784 268 ) (256 -776 268 ) 
4 173 186 (256 -762 2 ) (256 -776 2 ) (256 -776 268 ) (256 -762 268 ) 
4 173 182 (256 -930 268 ) (256 -930 270.628998 ) (256 -776 270.628998 ) (256 -776 268 ) 
4 173 181 (256 -776 270.628998 ) (256 -762 270.628998 ) (256 -762 268 ) (256 -776 268 ) 
3 173 180 (256 -880 368 ) (256 -762 368 ) (256 -762 304 ) 
5 173 179 (256 -930 270.628998 ) (256 -930 360 ) (256 -880 360 ) (256 -762 296 ) (256 -762 270.628998 ) 
4 173 178 (256 -762 304 ) (256 -762 368 ) (256 -728 368 ) (256 -728 298 ) 
4 173 177 (256 -256 368 ) (256 -256 206.705887 ) (256 -728 290 ) (256 -728 368 ) 
4 173 175 (256 -754 2 ) (256 -762 2 ) (256 -762 178 ) (256 -754 178 ) 
4 173 174 (256 -256 206.705887 ) (256 -256 2 ) (256 -754 2 ) (256 -754 294.588226 ) 
4 174 177 (256 -728 290 ) (256 -256 206.706360 ) (248 -256 206.706360 ) (248 -728 290 ) 
4 174 175 (248 -754 178 ) (248 -754 2 ) (256 -754 2 ) (256 -754 178 ) 
4 174 176 (248 -754 294.586273 ) (248 -256 206.703918 ) (248 -256 2 ) (248 -754 2 ) 
4 175 186 (248 -762 2 ) (256 -762 2 ) (256 -762 178 ) (248 -762 178 ) 
4 175 176 (248 -762 2 ) (248 -762 178 ) (248 -754 178 ) (248 -754 2 ) 
4 176 238 (0 -256 206.705887 ) (0 -256 2 ) (0 -762 2 ) (0 -762 296 ) 
4 176 186 (0 -762 2 ) (248 -762 2 ) (248 -762 268 ) (0 -762 268 ) 
4 176 181 (248 -762 268 ) (248 -762 270.628998 ) (0 -762 270.628998 ) (0 -762 268 ) 
4 176 179 (248 -762 270.628998 ) (248 -762 296 ) (0 -762 296 ) (0 -762 270.628998 ) 
4 176 177 (248 -728 290 ) (248 -256 206.706360 ) (0 -256 206.706360 ) (0 -728 290 ) 
4 177 241 (0 -728 368 ) (0 -256 368 ) (0 -256 206.705887 ) (0 -728 290 ) 
4 177 178 (256 -728 298 ) (256 -728 368 ) (0 -728 368 ) (0 -728 298 ) 
4 178 242 (0 -762 368 ) (0 -728 368 ) (0 -728 298 ) (0 -762 304 ) 
4 178 180 (256 -762 304 ) (256 -762 368 ) (0 -762 368 ) (0 -762 304 ) 
5 179 243 (0 -880 360 ) (0 -762 296 ) (0 -762 270.628998 ) (0 -930 270.628998 ) (0 -930 360 ) 
4 179 184 (0 -876 270.628998 ) (0 -784 270.628998 ) (6 -784 270.628998 ) (6 -876 270.628998 ) 
4 179 183 (6 -776 270.628998 ) (242 -776 270.628998 ) (242 -876 270.628998 ) (6 -876 270.628998 ) 
4 179 185 (242 -930 270.628998 ) (0 -930 270.628998 ) (0 -876 270.628998 ) (242 -876 270.628998 ) 
4 179 182 (256 -930 270.628998 ) (242 -930 270.628998 ) (242 -776 270.628998 ) (256 -776 270.628998 ) 
4 179 181 (0 -776 270.628998 ) (0 -762 270.628998 ) (256 -762 270.628998 ) (256 -776 270.628998 ) 
3 180 244 (0 -880 368 ) (0 -762 368 ) (0 -762 304 ) 
4 181 245 (0 -762 270.628998 ) (0 -762 268 ) (0 -776 268 ) (0 -776 270.628998 ) 
4 181 186 (0 -776 268 ) (0 -762 268 ) (256 -762 268 ) (256 -776 268 ) 
4 181 183 (242 -776 270 ) (242 -776 270.628998 ) (6 -776 270.628998 ) (6 -776 270 ) 
4 181 182 (242 -776 268 ) (256 -776 268 ) (256 -776 270.628998 ) (242 -776 270.628998 ) 
4 182 191 (256 -930 268 ) (242 -930 268 ) (242 -784 268 ) (256 -784 268 ) 
4 182 187 (242 -784 268 ) (242 -776 268 ) (256 -776 268 ) (256 -784 268 ) 
4 182 183 (242 -776 270.628998 ) (242 -776 270 ) (242 -876 270 ) (242 -876 270.628998 ) 
4 182 185 (242 -876 268 ) (242 -930 268 ) (242 -930 270.628998 ) (242 -876 270.628998 ) 
4 183 184 (6 -784 270 ) (6 -876 270 ) (6 -876 270.628998 ) (6 -784 270.628998 ) 
4 183 185 (242 -876 270 ) (242 -876 270.628998 ) (6 -876 270.628998 ) (6 -876 270 ) 
4 184 246 (0 -876 270 ) (0 -876 270.628998 ) (0 -784 270.628998 ) (0 -784 270 ) 
4 184 185 (6 -876 270 ) (6 -876 270.628998 ) (0 -876 270.628998 ) (0 -876 270 ) 
4 185 248 (0 -876 268 ) (0 -930 268 ) (0 -930 270.628998 ) (0 -876 270.628998 ) 
4 185 196 (162 -930 268 ) (152 -930 268 ) (152 -876 268 ) (162 -876 268 ) 
4 185 197 (152 -930 268 ) (0 -930 268 ) (0 -876 268 ) (152 -876 268 ) 
4 185 193 (240 -930 268 ) (232 -930 268 ) (232 -876 268 ) (240 -876 268 ) 
4 185 191 (242 -930 268 ) (240 -930 268 ) (240 -876 268 ) (242 -876 268 ) 
4 185 194 (232 -930 268 ) (162 -930 268 ) (162 -876 268 ) (232 -876 268 ) 
4 186 250 (0 -762 268 ) (0 -762 2 ) (0 -776 2 ) (0 -776 268 ) 
4 186 190 (0 -776 2 ) (6 -776 2 ) (6 -776 180.628998 ) (0 -776 180.628998 ) 
4 186 188 (232 -776 2 ) (240 -776 2 ) (240 -776 178 ) (232 -776 178 ) 
4 186 187 (240 -776 2 ) (256 -776 2 ) (256 -776 268 ) (240 -776 268 ) 
4 186 189 (6 -776 2 ) (232 -776 2 ) (232 -776 268 ) (6 -776 268 ) 
4 187 191 (256 -784 48 ) (256 -784 268 ) (240 -784 268 ) (240 -784 48 ) 
4 187 198 (240 -784 2 ) (256 -784 2 ) (256 -784 48 ) (240 -784 48 ) 
4 187 188 (240 -776 178 ) (240 -776 2 ) (240 -784 2 ) (240 -784 178 ) 
4 188 192 (240 -784 48 ) (240 -784 178 ) (232 -784 178 ) (232 -784 48 ) 
4 188 198 (232 -784 2 ) (240 -784 2 ) (240 -784 48 ) (232 -784 48 ) 
4 188 189 (232 -776 178 ) (232 -776 2 ) (232 -784 2 ) (232 -784 178 ) 
4 189 195 (162 -784 268 ) (152 -784 268 ) (152 -784 48 ) (162 -784 48 ) 
4 189 197 (152 -784 268 ) (6 -784 268 ) (6 -784 48 ) (152 -784 48 ) 
4 189 194 (232 -784 48 ) (232 -784 268 ) (162 -784 268 ) (162 -784 48 ) 
4 189 198 (6 -784 2 ) (232 -784 2 ) (232 -784 48 ) (6 -784 48 ) 
4 189 190 (6 -776 180.628998 ) (6 -776 2 ) (6 -784 2 ) (6 -784 180.628998 ) 
4 190 251 (0 -776 2 ) (0 -784 2 ) (0 -784 180.628998 ) (0 -776 180.628998 ) 
4 190 197 (6 -784 48 ) (6 -784 180.628998 ) (0 -784 180.628998 ) (0 -784 48 ) 
4 190 198 (0 -784 2 ) (6 -784 2 ) (6 -784 48 ) (0 -784 48 ) 
4 191 192 (240 -784 268 ) (240 -784 48 ) (240 -858 48 ) (240 -858 268 ) 
4 191 193 (240 -866 48 ) (240 -930 48 ) (240 -930 268 ) (240 -866 268 ) 
4 191 198 (256 -930 48 ) (240 -930 48 ) (240 -784 48 ) (256 -784 48 ) 
4 192 194 (232 -784 268 ) (232 -784 48 ) (232 -858 48 ) (232 -858 268 ) 
4 192 198 (232 -858 48 ) (232 -784 48 ) (240 -784 48 ) (240 -858 48 ) 
4 193 198 (240 -930 48 ) (232 -930 48 ) (232 -866 48 ) (240 -866 48 ) 
4 193 194 (232 -866 48 ) (232 -930 48 ) (232 -930 268 ) (232 -866 268 ) 
4 194 195 (162 -784 268 ) (162 -784 48 ) (162 -864 48 ) (162 -864 268 ) 
4 194 196 (162 -874 48 ) (162 -930 48 ) (162 -930 268 ) (162 -874 268 ) 
4 194 198 (232 -930 48 ) (162 -930 48 ) (162 -784 48 ) (232 -784 48 ) 
4 195 198 (152 -864 48 ) (152 -784 48 ) (162 -784 48 ) (162 -864 48 ) 
4 195 197 (152 -784 268 ) (152 -784 48 ) (152 -864 48 ) (152 -864 268 ) 
4 196 197 (152 -874 48 ) (152 -930 48 ) (152 -930 268 ) (152 -874 268 ) 
4 196 198 (162 -930 48 ) (152 -930 48 ) (152 -874 48 ) (162 -874 48 ) 
4 197 255 (0 -930 48 ) (0 -930 268 ) (0 -784 268 ) (0 -784 48 ) 
4 197 198 (152 -930 48 ) (0 -930 48 ) (0 -784 48 ) (152 -784 48 ) 
4 198 262 (0 -784 2 ) (0 -930 2 ) (0 -930 48 ) (0 -784 48 ) 
3 199 204 (-559.992615 -318.007355 462 ) (-318.007385 -318.007355 462 ) (-318.007385 -559.992615 462 ) 
4 199 203 (-238 -930 462 ) (-318.007385 -930 462 ) (-318.007385 -318.007355 462 ) (-238 -318.007355 462 ) 
4 199 202 (-930 -318.007385 462 ) (-930 -238 462 ) (-238 -238 462 ) (-238 -318.007355 462 ) 
4 199 201 (0 -238 462 ) (0 -930 462 ) (-238 -930 462 ) (-238 -238 462 ) 
4 199 200 (-930 0 462 ) (0 0 462 ) (0 -238 462 ) (-930 -238 462 ) 
4 200 217 (-880 0 368 ) (-762 0 368 ) (-762 -238 368 ) (-880 -238 368 ) 
4 200 215 (-762 0 368 ) (-728 0 368 ) (-728 -238 368 ) (-762 -238 368 ) 
4 200 214 (-728 0 368 ) (0 0 368 ) (0 -238 368 ) (-728 -238 368 ) 
5 200 208 (-431.515106 -238 368 ) (-412.121216 -238 368 ) (-479.985352 -238 395.993958 ) (-480 -238 395.993958 ) (-480 -238 388 ) 
4 200 207 (-930 -238 388 ) (-930 -238 368 ) (-431.515106 -238 368 ) (-480 -238 388 ) 
4 200 204 (-412.121216 -238 368 ) (-238 -238 368 ) (-238 -238 395.993958 ) (-479.985352 -238 395.993958 ) 
4 200 202 (-930 -238 462 ) (-930 -238 395.993958 ) (-238 -238 395.993958 ) (-238 -238 462 ) 
4 200 201 (-238 -238 368 ) (0 -238 368 ) (0 -238 462 ) (-238 -238 462 ) 
4 201 244 (0 -762 368 ) (0 -880 368 ) (-238 -880 368 ) (-238 -762 368 ) 
4 201 242 (0 -728 368 ) (0 -762 368 ) (-238 -762 368 ) (-238 -728 368 ) 
4 201 241 (0 -256 368 ) (0 -728 368 ) (-238 -728 368 ) (-238 -256 368 ) 
4 201 214 (0 -238 368 ) (0 -256 368 ) (-238 -256 368 ) (-238 -238 368 ) 
5 201 206 (-238 -412.121216 368 ) (-238 -431.515106 368 ) (-238 -480 388 ) (-238 -480 395.993958 ) (-238 -479.985291 395.993958 ) 
4 201 205 (-238 -431.515106 368 ) (-238 -930 368 ) (-238 -930 388 ) (-238 -480 388 ) 
4 201 204 (-238 -238 395.993958 ) (-238 -238 368 ) (-238 -412.121216 368 ) (-238 -479.985291 395.993958 ) 
4 201 203 (-238 -238 395.993958 ) (-238 -930 395.993927 ) (-238 -930 462 ) (-238 -318.007385 462 ) 
3 201 202 (-238 -238 462 ) (-238 -238 395.993958 ) (-238 -318.007385 462 ) 
4 202 204 (-479.990448 -238 395.996094 ) (-238.002625 -238 395.996094 ) (-318.007385 -318.004700 462 ) (-559.995361 -318.004578 462 ) 
4 202 203 (-238.002625 -238 395.996094 ) (-238 -238 395.996094 ) (-238 -318.004730 462 ) (-318.007385 -318.004700 462 ) 
4 203 204 (-318.004395 -318.004395 462 ) (-238 -238 395.996094 ) (-238 -479.990479 395.996094 ) (-318.004395 -559.995605 462 ) 
3 204 263 (-256 -394.121216 368 ) (-394.121216 -256 368 ) (-256 -256 368 ) 
4 204 241 (-238 -256 368 ) (-238 -412.121216 368 ) (-256 -394.121216 368 ) (-256 -256 368 ) 
4 204 214 (-412.121216 -238 368 ) (-238 -238 368 ) (-238 -256 368 ) (-394.121216 -256 368 ) 
4 204 210 (-400 -318 395.998718 ) (-332.123535 -318 368 ) (-318 -332.123108 368 ) (-318 -400 396 ) 
5 204 208 (-479.988281 -238.011719 395.997955 ) (-479.976563 -238 395.988281 ) (-412.125916 -238 368 ) (-332.123535 -318 368 ) (-400 -318 395.998718 ) 
5 204 206 (-318 -332.123108 368 ) (-238 -412.120697 368 ) (-238 -479.988281 395.996094 ) (-238.005875 -479.994141 396 ) (-318 -400 396 ) 
4 205 263 (-256 -930 368 ) (-318 -930 368 ) (-318 -351.515137 368 ) (-256 -413.515106 368 ) 
4 205 244 (-256 -880 368 ) (-256 -762 368 ) (-238 -762 368 ) (-238 -880 368 ) 
4 205 242 (-256 -762 368 ) (-256 -728 368 ) (-238 -728 368 ) (-238 -762 368 ) 
4 205 241 (-256 -728 368 ) (-256 -413.515106 368 ) (-238 -431.515106 368 ) (-238 -728 368 ) 
4 205 211 (-318 -930 368 ) (-318 -930 454 ) (-318 -560 454 ) (-318 -560 368 ) 
3 205 209 (-318 -560 454 ) (-318 -351.515137 368 ) (-318 -560 368 ) 
5 205 206 (-318 -351.508301 368 ) (-318 -400 388.002716 ) (-238.002960 -479.997040 388.002411 ) (-238 -479.994080 388 ) (-238 -431.508575 368 ) 
4 206 263 (-318 -351.515137 368 ) (-318 -332.121216 368 ) (-256 -394.121216 368 ) (-256 -413.515106 368 ) 
4 206 241 (-256 -394.121216 368 ) (-238 -412.121216 368 ) (-238 -431.515106 368 ) (-256 -413.515106 368 ) 
4 206 210 (-318 -400 396 ) (-318 -332.119812 368 ) (-318 -351.515137 368 ) (-318 -400 388 ) 
4 207 263 (-930 -318 368 ) (-930 -256 368 ) (-413.515106 -256 368 ) (-351.515106 -318 368 ) 
4 207 217 (-880 -238 368 ) (-762 -238 368 ) (-762 -256 368 ) (-880 -256 368 ) 
4 207 215 (-762 -238 368 ) (-728 -238 368 ) (-728 -256 368 ) (-762 -256 368 ) 
4 207 214 (-728 -238 368 ) (-431.515106 -238 368 ) (-413.515106 -256 368 ) (-728 -256 368 ) 
4 207 211 (-930 -318 454 ) (-930 -318 368 ) (-560 -318 368 ) (-560 -318 454 ) 
3 207 209 (-560 -318 368 ) (-351.515137 -318 368 ) (-560 -318 454 ) 
4 207 208 (-400 -318 387.998810 ) (-351.518005 -318 368 ) (-431.518066 -238 368 ) (-480 -238 387.998779 ) 
4 208 263 (-394.121216 -256 368 ) (-332.121216 -318 368 ) (-351.515106 -318 368 ) (-413.515106 -256 368 ) 
4 208 214 (-431.515106 -238 368 ) (-412.121216 -238 368 ) (-394.121216 -256 368 ) (-413.515106 -256 368 ) 
4 208 210 (-332.109863 -318 368 ) (-400 -318 396.004700 ) (-400 -318 388 ) (-351.515137 -318 368 ) 
4 209 263 (-560 -318 368 ) (-351.515106 -318 368 ) (-318 -351.515106 368 ) (-318 -560 368 ) 
4 209 211 (-560 -318 454 ) (-560 -318 368 ) (-318 -560 368 ) (-318 -560 454 ) 
4 209 210 (-351.517334 -318 368 ) (-400 -318 388 ) (-318 -400 388 ) (-318 -351.517334 368 ) 
4 210 263 (-351.515106 -318 368 ) (-332.121216 -318 368 ) (-318 -332.121216 368 ) (-318 -351.515106 368 ) 
5 211 263 (-318 -930 368 ) (-930 -930 368 ) (-930 -318 368 ) (-560 -318 368 ) (-318 -560 368 ) 
4 212 263 (-754 -256 178 ) (-256 -256 178 ) (-256 -256 206.705887 ) (-754 -256 294.588257 ) 
4 212 239 (-256 -256 178 ) (-248 -256 178 ) (-248 -256 205.294128 ) (-256 -256 206.705887 ) 
3 212 238 (-248 -256 178 ) (-93.333374 -256 178 ) (-248 -256 205.294128 ) 
4 212 216 (-93.333359 -256 178 ) (-754 -256 178 ) (-754 0 178 ) (-93.333374 0 178 ) 
4 212 214 (-728 -256 290 ) (-93.328125 -256 178 ) (-93.328125 0 178 ) (-728 0 290 ) 
4 212 213 (-754 0 178 ) (-754 -248 178 ) (-754 -248 294.587891 ) (-754 0 294.587891 ) 
4 213 225 (-762 0 268 ) (-762 0 178 ) (-762 -248 178 ) (-762 -248 268 ) 
4 213 220 (-762 0 270.628998 ) (-762 0 268 ) (-762 -248 268 ) (-762 -248 270.628998 ) 
4 213 219 (-762 -248 296 ) (-762 0 296 ) (-762 0 270.628998 ) (-762 -248 270.628998 ) 
4 213 216 (-762 -248 178 ) (-762 0 178 ) (-754 0 178 ) (-754 -248 178 ) 
4 214 263 (-256 -256 368 ) (-728 -256 368 ) (-728 -256 290 ) (-256 -256 206.705872 ) 
4 214 241 (0 -256 368 ) (-256 -256 368 ) (-256 -256 206.705872 ) (0 -256 206.705887 ) 
3 214 239 (-256 -256 206.705872 ) (-248 -256 205.294113 ) (-248 -256 206.705872 ) 
5 214 238 (-248 -256 205.294113 ) (-93.333374 -256 178 ) (0 -256 178 ) (0 -256 206.705887 ) (-248 -256 206.705872 ) 
4 214 216 (0 -256 178 ) (-93.333359 -256 178 ) (-93.333374 0 178 ) (0 0 178 ) 
4 214 215 (-728 -256 298 ) (-728 -256 368 ) (-728 0 368 ) (-728 0 298 ) 
4 215 263 (-728 -256 368 ) (-762 -256 368 ) (-762 -256 304 ) (-728 -256 298 ) 
4 215 218 (-762 -256 304 ) (-762 -256 360 ) (-762 0 360 ) (-762 0 304 ) 
4 215 217 (-762 -256 360 ) (-762 -256 368 ) (-762 0 368 ) (-762 0 360 ) 
4 216 263 (-762 -256 178 ) (-762 -256 2 ) (-256 -256 2 ) (-256 -256 178 ) 
4 216 239 (-256 -256 2 ) (-248 -256 2 ) (-248 -256 178 ) (-256 -256 178 ) 
4 216 238 (-248 -256 2 ) (0 -256 2 ) (0 -256 178 ) (-248 -256 178 ) 
4 216 225 (-762 -256 2 ) (-762 -256 178 ) (-762 0 178 ) (-762 0 2 ) 
4 217 263 (-762 -256 368 ) (-880 -256 368 ) (-865.249939 -256 360 ) (-762 -256 360 ) 
4 217 218 (-865.249939 0 360 ) (-762 0 360 ) (-762 -256 360 ) (-865.249939 -256 360 ) 
3 218 263 (-762 -256 304 ) (-762 -256 360 ) (-865.250000 -256 360 ) 
5 219 263 (-930 -256 360 ) (-930 -256 270.628998 ) (-762 -256 270.628998 ) (-762 -256 296 ) (-880 -256 360 ) 
4 219 222 (-876 0 270.628998 ) (-784 0 270.628998 ) (-784 -242 270.628998 ) (-876 -242 270.628998 ) 
4 219 221 (-776 -6 270.628998 ) (-776 -242 270.628998 ) (-784 -242 270.628998 ) (-784 -6 270.628998 ) 
4 219 223 (-776 -242 270.628998 ) (-776 -256 270.628998 ) (-876 -256 270.628998 ) (-876 -242 270.628998 ) 
4 219 224 (-930 -256 270.628998 ) (-930 0 270.628998 ) (-876 0 270.628998 ) (-876 -256 270.628998 ) 
4 219 220 (-776 0 270.628998 ) (-762 0 270.628998 ) (-762 -256 270.628998 ) (-776 -256 270.628998 ) 
4 220 263 (-776 -256 268 ) (-762 -256 268 ) (-762 -256 270.628998 ) (-776 -256 270.628998 ) 
4 220 225 (-776 0 268 ) (-762 0 268 ) (-762 -256 268 ) (-776 -256 268 ) 
4 220 221 (-776 -242 270 ) (-776 -242 270.628998 ) (-776 -6 270.628998 ) (-776 -6 270 ) 
4 220 223 (-776 -242 268 ) (-776 -256 268 ) (-776 -256 270.628998 ) (-776 -242 270.628998 ) 
4 221 222 (-784 -242 270 ) (-784 -242 270.628998 ) (-784 -6 270.628998 ) (-784 -6 270 ) 
4 221 223 (-776 -242 270 ) (-776 -242 270.628998 ) (-784 -242 270.628998 ) (-784 -242 270 ) 
4 222 224 (-876 -242 270 ) (-876 -242 270.628998 ) (-876 0 270.628998 ) (-876 0 270 ) 
4 222 223 (-876 -242 270.628998 ) (-876 -242 270 ) (-784 -242 270 ) (-784 -242 270.628998 ) 
4 223 263 (-876 -256 268 ) (-776 -256 268 ) (-776 -256 270.628998 ) (-876 -256 270.628998 ) 
4 223 235 (-858 -256 268 ) (-866 -256 268 ) (-866 -242 268 ) (-858 -242 268 ) 
4 223 234 (-784 -256 268 ) (-858 -256 268 ) (-858 -242 268 ) (-784 -242 268 ) 
4 223 236 (-866 -256 268 ) (-876 -256 268 ) (-876 -242 268 ) (-866 -242 268 ) 
4 223 229 (-776 -242 268 ) (-776 -256 268 ) (-784 -256 268 ) (-784 -242 268 ) 
4 223 224 (-876 -242 268 ) (-876 -256 268 ) (-876 -256 270.628998 ) (-876 -242 270.628998 ) 
4 224 263 (-930 -256 270.628998 ) (-930 -256 268 ) (-876 -256 268 ) (-876 -256 270.628998 ) 
4 224 236 (-930 -256 268 ) (-930 -232 268 ) (-876 -232 268 ) (-876 -256 268 ) 
4 224 233 (-930 -232 268 ) (-930 0 268 ) (-876 0 268 ) (-876 -232 268 ) 
4 225 263 (-776 -256 2 ) (-762 -256 2 ) (-762 -256 268 ) (-776 -256 268 ) 
4 225 228 (-776 -232 2 ) (-776 -240 2 ) (-776 -240 178 ) (-776 -232 178 ) 
4 225 229 (-776 -240 2 ) (-776 -256 2 ) (-776 -256 268 ) (-776 -240 268 ) 
4 225 226 (-776 0 2 ) (-776 -6 2 ) (-776 -6 180.628998 ) (-776 0 180.628998 ) 
4 225 227 (-776 -6 2 ) (-776 -232 2 ) (-776 -232 268 ) (-776 -6 268 ) 
4 226 230 (-784 -6 48 ) (-784 -6 180.628998 ) (-784 0 180.628998 ) (-784 0 48 ) 
4 226 237 (-784 0 2 ) (-784 -6 2 ) (-784 -6 48 ) (-784 0 48 ) 
4 226 227 (-784 -6 180.628998 ) (-784 -6 2 ) (-776 -6 2 ) (-776 -6 180.628998 ) 
4 227 230 (-784 -232 48 ) (-784 -232 268 ) (-784 -6 268 ) (-784 -6 48 ) 
4 227 237 (-784 -6 2 ) (-784 -232 2 ) (-784 -232 48 ) (-784 -6 48 ) 
4 227 228 (-784 -232 178 ) (-784 -232 2 ) (-776 -232 2 ) (-776 -232 178 ) 
4 228 234 (-784 -240 48 ) (-784 -240 178 ) (-784 -232 178 ) (-784 -232 48 ) 
4 228 237 (-784 -232 2 ) (-784 -240 2 ) (-784 -240 48 ) (-784 -232 48 ) 
4 228 229 (-784 -240 178 ) (-784 -240 2 ) (-776 -240 2 ) (-776 -240 178 ) 
4 229 263 (-784 -256 2 ) (-776 -256 2 ) (-776 -256 268 ) (-784 -256 268 ) 
4 229 234 (-784 -256 48 ) (-784 -256 268 ) (-784 -240 268 ) (-784 -240 48 ) 
4 229 237 (-784 -240 2 ) (-784 -256 2 ) (-784 -256 48 ) (-784 -240 48 ) 
4 230 234 (-858 -232 48 ) (-784 -232 48 ) (-784 -232 268 ) (-858 -232 268 ) 
4 230 231 (-864 0 48 ) (-864 -152 48 ) (-864 -152 268 ) (-864 0 268 ) 
4 230 232 (-864 -162 48 ) (-864 -232 48 ) (-864 -232 268 ) (-864 -162 268 ) 
4 230 237 (-864 0 48 ) (-784 0 48 ) (-784 -232 48 ) (-864 -232 48 ) 
4 231 233 (-874 0 48 ) (-874 -152 48 ) (-874 -152 268 ) (-874 0 268 ) 
4 231 237 (-874 0 48 ) (-864 0 48 ) (-864 -152 48 ) (-874 -152 48 ) 
4 232 236 (-874 -232 48 ) (-866 -232 48 ) (-866 -232 268 ) (-874 -232 268 ) 
4 232 237 (-864 -162 48 ) (-864 -232 48 ) (-874 -232 48 ) (-874 -162 48 ) 
4 232 233 (-874 -162 48 ) (-874 -232 48 ) (-874 -232 268 ) (-874 -162 268 ) 
4 233 236 (-930 -232 48 ) (-874 -232 48 ) (-874 -232 268 ) (-930 -232 268 ) 
4 233 237 (-930 -232 48 ) (-930 0 48 ) (-874 0 48 ) (-874 -232 48 ) 
4 234 263 (-858 -256 48 ) (-784 -256 48 ) (-784 -256 268 ) (-858 -256 268 ) 
4 234 235 (-858 -240 48 ) (-858 -256 48 ) (-858 -256 268 ) (-858 -240 268 ) 
4 234 237 (-858 -232 48 ) (-784 -232 48 ) (-784 -256 48 ) (-858 -256 48 ) 
4 235 263 (-866 -256 48 ) (-858 -256 48 ) (-858 -256 268 ) (-866 -256 268 ) 
4 235 237 (-858 -240 48 ) (-858 -256 48 ) (-866 -256 48 ) (-866 -240 48 ) 
4 235 236 (-866 -240 48 ) (-866 -256 48 ) (-866 -256 268 ) (-866 -240 268 ) 
4 236 263 (-930 -256 268 ) (-930 -256 48 ) (-866 -256 48 ) (-866 -256 268 ) 
4 236 237 (-930 -256 48 ) (-930 -232 48 ) (-866 -232 48 ) (-866 -256 48 ) 
4 237 263 (-930 -256 48 ) (-930 -256 2 ) (-784 -256 2 ) (-784 -256 48 ) 
4 238 250 (-248 -762 2 ) (0 -762 2 ) (0 -762 268 ) (-248 -762 268 ) 
4 238 245 (0 -762 268 ) (0 -762 270.628998 ) (-248 -762 270.628998 ) (-248 -762 268 ) 
4 238 243 (0 -762 270.628998 ) (0 -762 296 ) (-248 -762 296 ) (-248 -762 270.628998 ) 
4 238 241 (0 -256 206.706650 ) (-248 -256 206.706650 ) (-248 -728 290 ) (0 -728 290 ) 
4 238 240 (-248 -762 2 ) (-248 -762 178 ) (-248 -754 178 ) (-248 -754 2 ) 
4 238 239 (-248 -754 294.586273 ) (-248 -256 206.703918 ) (-248 -256 2 ) (-248 -754 2 ) 
4 239 263 (-256 -256 206.705887 ) (-256 -256 2 ) (-256 -754 2 ) (-256 -754 294.588226 ) 
4 239 241 (-248 -256 206.706650 ) (-256 -256 206.706650 ) (-256 -728 290 ) (-248 -728 290 ) 
4 239 240 (-248 -754 2 ) (-248 -754 178 ) (-256 -754 178 ) (-256 -754 2 ) 
4 240 263 (-256 -754 2 ) (-256 -762 2 ) (-256 -762 178 ) (-256 -754 178 ) 
4 240 250 (-256 -762 178 ) (-256 -762 2 ) (-248 -762 2 ) (-248 -762 178 ) 
4 241 263 (-256 -256 368 ) (-256 -256 206.705887 ) (-256 -728 290 ) (-256 -728 368 ) 
4 241 242 (-256 -728 368 ) (-256 -728 298 ) (0 -728 298 ) (0 -728 368 ) 
4 242 263 (-256 -762 304 ) (-256 -762 368 ) (-256 -728 368 ) (-256 -728 298 ) 
4 242 244 (-256 -762 368 ) (-256 -762 304 ) (0 -762 304 ) (0 -762 368 ) 
5 243 263 (-256 -930 270.628998 ) (-256 -930 360 ) (-256 -880 360 ) (-256 -762 296 ) (-256 -762 270.628998 ) 
4 243 247 (-242 -876 270.628998 ) (-242 -776 270.628998 ) (-10 -776 270.628998 ) (-10 -876 270.628998 ) 
4 243 246 (0 -784 270.628998 ) (0 -876 270.628998 ) (-10 -876 270.628998 ) (-10 -784 270.628998 ) 
4 243 248 (0 -930 270.628998 ) (-242 -930 270.628998 ) (-242 -876 270.628998 ) (0 -876 270.628998 ) 
4 243 249 (-242 -930 270.628998 ) (-256 -930 270.628998 ) (-256 -776 270.628998 ) (-242 -776 270.628998 ) 
4 243 245 (-256 -776 270.628998 ) (-256 -762 270.628998 ) (0 -762 270.628998 ) (0 -776 270.628998 ) 
3 244 263 (-256 -880 368 ) (-256 -762 368 ) (-256 -762 304 ) 
4 245 263 (-256 -776 270.628998 ) (-256 -762 270.628998 ) (-256 -762 268 ) (-256 -776 268 ) 
4 245 250 (-256 -776 268 ) (-256 -762 268 ) (0 -762 268 ) (0 -776 268 ) 
4 245 247 (-10 -776 270 ) (-10 -776 270.628998 ) (-242 -776 270.628998 ) (-242 -776 270 ) 
4 245 249 (-256 -776 268 ) (-242 -776 268 ) (-242 -776 270.628998 ) (-256 -776 270.628998 ) 
4 246 247 (-10 -876 270 ) (-10 -876 270.628998 ) (-10 -784 270.628998 ) (-10 -784 270 ) 
4 246 248 (0 -876 270 ) (0 -876 270.628998 ) (-10 -876 270.628998 ) (-10 -876 270 ) 
4 247 249 (-242 -776 270.628998 ) (-242 -776 270 ) (-242 -876 270 ) (-242 -876 270.628998 ) 
4 247 248 (-242 -876 270.628998 ) (-242 -876 270 ) (-10 -876 270 ) (-10 -876 270.628998 ) 
4 248 260 (-232 -930 268 ) (-240 -930 268 ) (-240 -876 268 ) (-232 -876 268 ) 
4 248 258 (-22 -930 268 ) (-232 -930 268 ) (-232 -876 268 ) (-22 -876 268 ) 
4 248 261 (-240 -930 268 ) (-242 -930 268 ) (-242 -876 268 ) (-240 -876 268 ) 
4 248 257 (-14 -930 268 ) (-22 -930 268 ) (-22 -876 268 ) (-14 -876 268 ) 
4 248 255 (0 -930 268 ) (-14 -930 268 ) (-14 -876 268 ) (0 -876 268 ) 
4 248 249 (-242 -876 268 ) (-242 -930 268 ) (-242 -930 270.628998 ) (-242 -876 270.628998 ) 
4 249 263 (-256 -930 268 ) (-256 -930 270.628998 ) (-256 -776 270.628998 ) (-256 -776 268 ) 
4 249 261 (-242 -930 268 ) (-256 -930 268 ) (-256 -784 268 ) (-242 -784 268 ) 
4 249 254 (-256 -784 268 ) (-256 -776 268 ) (-242 -776 268 ) (-242 -784 268 ) 
4 250 263 (-256 -762 2 ) (-256 -776 2 ) (-256 -776 268 ) (-256 -762 268 ) 
4 250 253 (-240 -776 178 ) (-240 -776 2 ) (-232 -776 2 ) (-232 -776 178 ) 
4 250 252 (-10 -776 268 ) (-232 -776 268 ) (-232 -776 2 ) (-10 -776 2 ) 
4 250 254 (-240 -776 268 ) (-256 -776 268 ) (-256 -776 2 ) (-240 -776 2 ) 
4 250 251 (-10 -776 180.628998 ) (-10 -776 2 ) (0 -776 2 ) (0 -776 180.628998 ) 
4 251 255 (-10 -784 180.628998 ) (-10 -784 48 ) (0 -784 48 ) (0 -784 180.628998 ) 
4 251 262 (-10 -784 48 ) (-10 -784 2 ) (0 -784 2 ) (0 -784 48 ) 
4 251 252 (-10 -776 180.628998 ) (-10 -776 2 ) (-10 -784 2 ) (-10 -784 180.628998 ) 
4 252 258 (-22 -784 268 ) (-232 -784 268 ) (-232 -784 48 ) (-22 -784 48 ) 
4 252 256 (-14 -784 268 ) (-22 -784 268 ) (-22 -784 48 ) (-14 -784 48 ) 
4 252 255 (-10 -784 268 ) (-14 -784 268 ) (-14 -784 48 ) (-10 -784 48 ) 
4 252 262 (-232 -784 48 ) (-232 -784 2 ) (-10 -784 2 ) (-10 -784 48 ) 
4 252 253 (-232 -776 178 ) (-232 -776 2 ) (-232 -784 2 ) (-232 -784 178 ) 
4 253 259 (-240 -784 178 ) (-240 -784 48 ) (-232 -784 48 ) (-232 -784 178 ) 
4 253 262 (-240 -784 48 ) (-240 -784 2 ) (-232 -784 2 ) (-232 -784 48 ) 
4 253 254 (-240 -776 178 ) (-240 -776 2 ) (-240 -784 2 ) (-240 -784 178 ) 
4 254 263 (-256 -776 2 ) (-256 -784 2 ) (-256 -784 268 ) (-256 -776 268 ) 
4 254 261 (-240 -784 268 ) (-256 -784 268 ) (-256 -784 48 ) (-240 -784 48 ) 
4 254 262 (-256 -784 48 ) (-256 -784 2 ) (-240 -784 2 ) (-240 -784 48 ) 
4 255 256 (-14 -784 268 ) (-14 -784 48 ) (-14 -856 48 ) (-14 -856 268 ) 
4 255 257 (-14 -874 48 ) (-14 -930 48 ) (-14 -930 268 ) (-14 -874 268 ) 
4 255 262 (0 -930 48 ) (-14 -930 48 ) (-14 -784 48 ) (0 -784 48 ) 
4 256 258 (-22 -784 268 ) (-22 -784 48 ) (-22 -856 48 ) (-22 -856 268 ) 
4 256 262 (-22 -856 48 ) (-22 -784 48 ) (-14 -784 48 ) (-14 -856 48 ) 
4 257 258 (-22 -874 48 ) (-22 -930 48 ) (-22 -930 268 ) (-22 -874 268 ) 
4 257 262 (-14 -930 48 ) (-22 -930 48 ) (-22 -874 48 ) (-14 -874 48 ) 
4 258 259 (-232 -784 268 ) (-232 -784 48 ) (-232 -850 48 ) (-232 -850 268 ) 
4 258 260 (-232 -858 48 ) (-232 -930 48 ) (-232 -930 268 ) (-232 -858 268 ) 
4 258 262 (-22 -930 48 ) (-232 -930 48 ) (-232 -784 48 ) (-22 -784 48 ) 
4 259 261 (-240 -784 268 ) (-240 -784 48 ) (-240 -850 48 ) (-240 -850 268 ) 
4 259 262 (-240 -850 48 ) (-240 -784 48 ) (-232 -784 48 ) (-232 -850 48 ) 
4 260 262 (-232 -930 48 ) (-240 -930 48 ) (-240 -858 48 ) (-232 -858 48 ) 
4 260 261 (-240 -858 48 ) (-240 -930 48 ) (-240 -930 268 ) (-240 -858 268 ) 
4 261 263 (-256 -930 48 ) (-256 -930 268 ) (-256 -784 268 ) (-256 -784 48 ) 
4 261 262 (-240 -930 48 ) (-256 -930 48 ) (-256 -784 48 ) (-240 -784 48 ) 
4 262 263 (-256 -784 2 ) (-256 -930 2 ) (-256 -930 48 ) (-256 -784 48 ) 
